INFO: 2022-05-26 11:39:03,812: main() 'Using profile folder /home/tommi/.config/variety/'
INFO: 2022-05-26 11:39:03,813: prepare_config_folder() 'Missing ui.conf file, copying it from /usr/share/variety/config/ui.conf'
INFO: 2022-05-26 11:39:03,813: makedirs() 'Creating folder /home/tommi/.config/variety/plugins'
INFO: 2022-05-26 11:39:03,814: makedirs() 'Creating folder /home/tommi/.config/variety/scripts'
INFO: 2022-05-26 11:39:03,814: prepare_config_folder() 'Missing set_wallpaper file, copying it from /usr/share/variety/scripts/set_wallpaper'
INFO: 2022-05-26 11:39:03,814: prepare_config_folder() 'Missing get_wallpaper file, copying it from /usr/share/variety/scripts/get_wallpaper'
INFO: 2022-05-26 11:39:03,814: makedirs() 'Creating folder /home/tommi/.config/variety/wallpaper'
INFO: 2022-05-26 11:39:09,078: write_current_version() 'Writing current version 0.8.7 to .version'
INFO: 2022-05-26 11:39:09,078: perform_upgrade() 'Last run version was 0.8.7 or earlier, current version is 0.8.7'
INFO: 2022-05-26 11:39:09,166: process_command() 'Received command: []'
INFO: 2022-05-26 11:39:09,168: start() 'Using data_path /usr/share/variety'
INFO: 2022-05-26 11:39:09,168: load() 'Jumble loading'
INFO: 2022-05-26 11:39:09,168: _walk_modules() 'Jumble loading module in __init__ from /usr/lib/python3.10/site-packages/variety/plugins/builtin/__init__.py'
INFO: 2022-05-26 11:39:09,168: _walk_modules() 'Jumble loading module in APODDownloader from /usr/lib/python3.10/site-packages/variety/plugins/builtin/downloaders/APODDownloader.py'
INFO: 2022-05-26 11:39:09,169: load() 'Jumble found plugin class: <class 'APODDownloader.APODDownloader'>: {'name': 'APODDownloader', 'description': 'NASA Astro Pic of the Day', 'author': 'Peter Levi', 'version': '0.1'}'
INFO: 2022-05-26 11:39:09,169: _walk_modules() 'Jumble loading module in ArtStationDownloader from /usr/lib/python3.10/site-packages/variety/plugins/builtin/downloaders/ArtStationDownloader.py'
INFO: 2022-05-26 11:39:09,169: _walk_modules() 'Jumble loading module in ArtStationSource from /usr/lib/python3.10/site-packages/variety/plugins/builtin/downloaders/ArtStationSource.py'
INFO: 2022-05-26 11:39:09,170: load() 'Jumble found plugin class: <class 'ArtStationSource.ArtStationSource'>: {'name': 'ArtStationSource', 'description': 'Configurable source for fetching images from ArtStation', 'author': 'Denis Gordeev', 'version': '0.1'}'
INFO: 2022-05-26 11:39:09,171: _walk_modules() 'Jumble loading module in BingDownloader from /usr/lib/python3.10/site-packages/variety/plugins/builtin/downloaders/BingDownloader.py'
INFO: 2022-05-26 11:39:09,171: load() 'Jumble found plugin class: <class 'BingDownloader.BingDownloader'>: {'name': 'BingDownloader', 'description': 'Bing Photo of the Day', 'author': 'Peter Levi', 'version': '0.1'}'
INFO: 2022-05-26 11:39:09,171: _walk_modules() 'Jumble loading module in EarthviewDownloader from /usr/lib/python3.10/site-packages/variety/plugins/builtin/downloaders/EarthviewDownloader.py'
INFO: 2022-05-26 11:39:09,171: load() 'Jumble found plugin class: <class 'EarthviewDownloader.EarthviewDownloader'>: {'name': 'EarthviewDownloader', 'description': 'Google Earth View Wallpapers', 'author': 'Peter Levi', 'version': '0.1'}'
INFO: 2022-05-26 11:39:09,172: _walk_modules() 'Jumble loading module in MediaRSSDownloader from /usr/lib/python3.10/site-packages/variety/plugins/builtin/downloaders/MediaRSSDownloader.py'
INFO: 2022-05-26 11:39:09,172: _walk_modules() 'Jumble loading module in MediaRSSSource from /usr/lib/python3.10/site-packages/variety/plugins/builtin/downloaders/MediaRSSSource.py'
INFO: 2022-05-26 11:39:09,173: load() 'Jumble found plugin class: <class 'MediaRSSSource.MediaRSSSource'>: {'name': 'MediaRSSSource', 'description': 'Configurable source for fetching images from MediaRSS feeds', 'author': 'Peter Levi', 'version': '0.1'}'
INFO: 2022-05-26 11:39:09,173: _walk_modules() 'Jumble loading module in NationalGeographicDownloader from /usr/lib/python3.10/site-packages/variety/plugins/builtin/downloaders/NationalGeographicDownloader.py'
INFO: 2022-05-26 11:39:09,173: load() 'Jumble found plugin class: <class 'NationalGeographicDownloader.NationalGeographicDownloader'>: {'name': 'NationalGeographicDownloader', 'description': "National Geographic's photo of the day", 'author': 'Eric RÃ¶sch', 'version': '0.1'}'
INFO: 2022-05-26 11:39:09,173: _walk_modules() 'Jumble loading module in RedditDownloader from /usr/lib/python3.10/site-packages/variety/plugins/builtin/downloaders/RedditDownloader.py'
INFO: 2022-05-26 11:39:09,174: _walk_modules() 'Jumble loading module in RedditSource from /usr/lib/python3.10/site-packages/variety/plugins/builtin/downloaders/RedditSource.py'
INFO: 2022-05-26 11:39:09,174: load() 'Jumble found plugin class: <class 'RedditSource.RedditSource'>: {'name': 'RedditSource', 'description': 'Configurable source for fetching images from Reddit', 'author': 'Peter Levi', 'version': '0.1'}'
INFO: 2022-05-26 11:39:09,174: _walk_modules() 'Jumble loading module in UnsplashConfigurableSource from /usr/lib/python3.10/site-packages/variety/plugins/builtin/downloaders/UnsplashConfigurableSource.py'
INFO: 2022-05-26 11:39:09,175: load() 'Jumble found plugin class: <class 'UnsplashConfigurableSource.UnsplashConfigurableSource'>: {'name': 'UnsplashConfigurableSource', 'description': 'Configurable source for fetching photos from Unsplash.com', 'author': 'Peter Levi', 'version': '0.1'}'
INFO: 2022-05-26 11:39:09,175: _walk_modules() 'Jumble loading module in UnsplashDownloader from /usr/lib/python3.10/site-packages/variety/plugins/builtin/downloaders/UnsplashDownloader.py'
INFO: 2022-05-26 11:39:09,175: load() 'Jumble found plugin class: <class 'UnsplashDownloader.UnsplashDownloader'>: {'name': 'UnsplashDownloader', 'description': 'High-resolution photos from Unsplash.com', 'author': 'Peter Levi', 'version': '0.1'}'
INFO: 2022-05-26 11:39:09,175: _walk_modules() 'Jumble loading module in WallhavenDownloader from /usr/lib/python3.10/site-packages/variety/plugins/builtin/downloaders/WallhavenDownloader.py'
INFO: 2022-05-26 11:39:09,176: _walk_modules() 'Jumble loading module in WallhavenLegacyDownloader from /usr/lib/python3.10/site-packages/variety/plugins/builtin/downloaders/WallhavenLegacyDownloader.py'
INFO: 2022-05-26 11:39:09,176: _walk_modules() 'Jumble loading module in WallhavenSource from /usr/lib/python3.10/site-packages/variety/plugins/builtin/downloaders/WallhavenSource.py'
INFO: 2022-05-26 11:39:09,177: load() 'Jumble found plugin class: <class 'WallhavenSource.WallhavenSource'>: {'name': 'WallhavenSource', 'description': 'Configurable source for fetching images from Wallhaven.cc', 'author': 'Peter Levi', 'version': '0.1'}'
INFO: 2022-05-26 11:39:09,177: _walk_modules() 'Jumble loading module in __init__ from /usr/lib/python3.10/site-packages/variety/plugins/builtin/downloaders/__init__.py'
INFO: 2022-05-26 11:39:09,177: _walk_modules() 'Jumble loading module in FortuneSource from /usr/lib/python3.10/site-packages/variety/plugins/builtin/quotes/FortuneSource.py'
INFO: 2022-05-26 11:39:09,178: load() 'Jumble found plugin class: <class 'FortuneSource.FortuneSource'>: {'name': 'UNIX fortune program', 'description': 'Displays quotes using the UNIX fortune program. You may want to install additional fortune packs, e.g. fortunes-bofh-excuses.', 'author': 'Dan Jones', 'version': '0.1'}'
INFO: 2022-05-26 11:39:09,178: _walk_modules() 'Jumble loading module in GoodreadsSource from /usr/lib/python3.10/site-packages/variety/plugins/builtin/quotes/GoodreadsSource.py'
INFO: 2022-05-26 11:39:09,181: load() 'Jumble found plugin class: <class 'GoodreadsSource.GoodreadsSource'>: {'name': 'Goodreads', 'description': 'Fetches quotes from Goodreads.com', 'author': 'Peter Levi', 'version': '0.1'}'
INFO: 2022-05-26 11:39:09,182: _walk_modules() 'Jumble loading module in LocalFilesSource from /usr/lib/python3.10/site-packages/variety/plugins/builtin/quotes/LocalFilesSource.py'
INFO: 2022-05-26 11:39:09,182: load() 'Jumble found plugin class: <class 'LocalFilesSource.LocalFilesSource'>: {'name': 'Local text files', 'description': 'Displays quotes, defined in local text files.\nPut your own txt files in: ~/.config/variety/pluginconfig/quotes/.\nThe file format is:\n\nquote -- author\n.\nsecond quote -- another author\n.\netc...\n\nExample: http://rvelthuis.de/zips/quotes.txt', 'author': 'Peter Levi', 'version': '0.1'}'
INFO: 2022-05-26 11:39:09,182: _walk_modules() 'Jumble loading module in QuotationsPageSource from /usr/lib/python3.10/site-packages/variety/plugins/builtin/quotes/QuotationsPageSource.py'
INFO: 2022-05-26 11:39:09,182: load() 'Jumble found plugin class: <class 'QuotationsPageSource.QuotationsPageSource'>: {'name': 'TheQuotationsPage.com', 'description': 'Fetches quotes from TheQuotationsPage.com', 'author': 'Peter Levi', 'version': '0.1'}'
INFO: 2022-05-26 11:39:09,182: _walk_modules() 'Jumble loading module in UrbanDictionarySource from /usr/lib/python3.10/site-packages/variety/plugins/builtin/quotes/UrbanDictionarySource.py'
INFO: 2022-05-26 11:39:09,183: load() 'Jumble found plugin class: <class 'UrbanDictionarySource.UrbanDictionarySource'>: {'name': 'Urban Dictionary', 'description': 'Displays definitions from Urban Dictionary', 'author': 'James Miller', 'version': '0.1'}'
INFO: 2022-05-26 11:39:09,183: _walk_modules() 'Jumble loading module in __init__ from /usr/lib/python3.10/site-packages/variety/plugins/builtin/quotes/__init__.py'
INFO: 2022-05-26 11:39:09,183: makedirs() 'Creating folder /home/tommi/.config/variety/pluginconfig/downloaders'
WARNING: 2022-05-26 11:39:09,186: load_history() 'Could not load history file, continuing without it, no worries'
INFO: 2022-05-26 11:39:09,189: makedirs() 'Creating folder /home/tommi/.config/variety/Downloaded'
INFO: 2022-05-26 11:39:09,189: makedirs() 'Creating folder /home/tommi/.config/variety/Favorites'
INFO: 2022-05-26 11:39:09,189: makedirs() 'Creating folder /home/tommi/.config/variety/Fetched'
INFO: 2022-05-26 11:39:09,190: reload_config() 'Creating new downloader for type bing, location Bing Photo of the Day'
INFO: 2022-05-26 11:39:09,190: reload_config() 'Creating new downloader for type unsplash, location High-resolution photos from Unsplash.com'
INFO: 2022-05-26 11:39:09,190: reload_config() 'Creating new downloader for type apod, location NASA's Astronomy Picture of the Day'
INFO: 2022-05-26 11:39:09,190: reload_config() 'Creating new downloader for type flickr, location user:www.flickr.com/photos/peter-levi/;user_id:93647178@N00;'
INFO: 2022-05-26 11:39:09,190: makedirs() 'Creating folder /home/tommi/.config/variety/Downloaded/Bing'
INFO: 2022-05-26 11:39:09,190: makedirs() 'Creating folder /home/tommi/.config/variety/Downloaded/Unsplash'
INFO: 2022-05-26 11:39:09,190: makedirs() 'Creating folder /home/tommi/.config/variety/Downloaded/nasa_apod'
INFO: 2022-05-26 11:39:09,190: makedirs() 'Creating folder /home/tommi/.config/variety/Downloaded/flickr_user_www_flickr_com_photos_peter_levi__user_id_93647178_N00_'
INFO: 2022-05-26 11:39:09,190: log_options() 'Loaded options:'
INFO: 2022-05-26 11:39:09,190: log_options() 'change_enabled = True'
INFO: 2022-05-26 11:39:09,190: log_options() 'change_interval = 300'
INFO: 2022-05-26 11:39:09,190: log_options() 'change_on_start = False'
INFO: 2022-05-26 11:39:09,190: log_options() 'clipboard_enabled = False'
INFO: 2022-05-26 11:39:09,190: log_options() 'clipboard_hosts = ['wallhaven.cc', 'wallpapers.net', 'flickr.com', 'imgur.com', 'deviantart.com', 'interfacelift.com', 'vladstudio.com', 'imageshack.us', 'deviantart.net', 'imageshack.com']'
INFO: 2022-05-26 11:39:09,190: log_options() 'clipboard_use_whitelist = True'
INFO: 2022-05-26 11:39:09,190: log_options() 'clock_date_font = Ubuntu Condensed, 30'
INFO: 2022-05-26 11:39:09,190: log_options() 'clock_enabled = False'
INFO: 2022-05-26 11:39:09,190: log_options() 'clock_filter = -density 100 -font `fc-match -f '%{file[0]}' '%CLOCK_FONT_NAME'` -pointsize %CLOCK_FONT_SIZE -gravity SouthEast -fill '#00000044' -annotate 0x0+[%HOFFSET+58]+[%VOFFSET+108] '%H:%M' -fill white -annotate 0x0+[%HOFFSET+60]+[%VOFFSET+110] '%H:%M' -font `fc-match -f '%{file[0]}' '%DATE_FONT_NAME'` -pointsize %DATE_FONT_SIZE -fill '#00000044' -annotate 0x0+[%HOFFSET+58]+[%VOFFSET+58] '%A, %B %d' -fill white -annotate 0x0+[%HOFFSET+60]+[%VOFFSET+60] '%A, %B %d''
INFO: 2022-05-26 11:39:09,190: log_options() 'clock_font = Ubuntu Condensed, 70'
INFO: 2022-05-26 11:39:09,190: log_options() 'configfile = /home/tommi/.config/variety/variety.conf'
INFO: 2022-05-26 11:39:09,190: log_options() 'copyto_enabled = False'
INFO: 2022-05-26 11:39:09,190: log_options() 'copyto_folder = Default'
INFO: 2022-05-26 11:39:09,190: log_options() 'desired_color = [160, 160, 160]'
INFO: 2022-05-26 11:39:09,190: log_options() 'desired_color_enabled = False'
INFO: 2022-05-26 11:39:09,190: log_options() 'download_folder = /home/tommi/.config/variety/Downloaded'
INFO: 2022-05-26 11:39:09,190: log_options() 'download_preference_ratio = 0.9'
INFO: 2022-05-26 11:39:09,190: log_options() 'favorites_folder = /home/tommi/.config/variety/Favorites'
INFO: 2022-05-26 11:39:09,190: log_options() 'favorites_operations = [['Downloaded', 'Copy'], ['Fetched', 'Move'], ['Others', 'Copy']]'
INFO: 2022-05-26 11:39:09,190: log_options() 'fetched_folder = /home/tommi/.config/variety/Fetched'
INFO: 2022-05-26 11:39:09,190: log_options() 'filters = [[False, 'Keep original', ''], [False, 'Grayscale', '-type Grayscale'], [False, 'Heavy blur', '-blur 120x40'], [False, 'Soft blur', '-blur 20x7'], [False, 'Oil painting', '-paint 8'], [False, 'Pencil sketch', '-colorspace gray \\( +clone -tile ~/.config/variety/pencil_tile.png -draw "color 0,0 reset" +clone +swap -compose color_dodge -composite \\) -fx \'u*.2+v*.8\''], [False, 'Pointilism', '-spread 10 -noise 3'], [False, 'Pixellate', '-scale 3% -scale 3333%']]'
INFO: 2022-05-26 11:39:09,190: log_options() 'get_wallpaper_script = /home/tommi/.config/variety/scripts/get_wallpaper'
INFO: 2022-05-26 11:39:09,190: log_options() 'icon = Light'
INFO: 2022-05-26 11:39:09,191: log_options() 'internet_enabled = True'
INFO: 2022-05-26 11:39:09,191: log_options() 'lightness_enabled = False'
INFO: 2022-05-26 11:39:09,191: log_options() 'lightness_mode = 0'
INFO: 2022-05-26 11:39:09,191: log_options() 'min_rating = 4'
INFO: 2022-05-26 11:39:09,191: log_options() 'min_rating_enabled = False'
INFO: 2022-05-26 11:39:09,191: log_options() 'min_size = 80'
INFO: 2022-05-26 11:39:09,191: log_options() 'min_size_enabled = False'
INFO: 2022-05-26 11:39:09,191: log_options() 'quota_enabled = True'
INFO: 2022-05-26 11:39:09,191: log_options() 'quota_size = 500'
INFO: 2022-05-26 11:39:09,191: log_options() 'quotes_authors = '
INFO: 2022-05-26 11:39:09,191: log_options() 'quotes_bg_color = [80, 80, 80]'
INFO: 2022-05-26 11:39:09,191: log_options() 'quotes_bg_opacity = 55'
INFO: 2022-05-26 11:39:09,191: log_options() 'quotes_change_enabled = False'
INFO: 2022-05-26 11:39:09,191: log_options() 'quotes_change_interval = 300'
INFO: 2022-05-26 11:39:09,191: log_options() 'quotes_disabled_sources = ['QuotesDaddy']'
INFO: 2022-05-26 11:39:09,191: log_options() 'quotes_enabled = False'
INFO: 2022-05-26 11:39:09,191: log_options() 'quotes_favorites_file = /home/tommi/.config/variety/favorite_quotes.txt'
INFO: 2022-05-26 11:39:09,191: log_options() 'quotes_font = Bitstream Charter 30'
INFO: 2022-05-26 11:39:09,191: log_options() 'quotes_hpos = 100'
INFO: 2022-05-26 11:39:09,191: log_options() 'quotes_max_length = 250'
INFO: 2022-05-26 11:39:09,191: log_options() 'quotes_tags = '
INFO: 2022-05-26 11:39:09,191: log_options() 'quotes_text_color = [255, 255, 255]'
INFO: 2022-05-26 11:39:09,191: log_options() 'quotes_text_shadow = False'
INFO: 2022-05-26 11:39:09,191: log_options() 'quotes_vpos = 40'
INFO: 2022-05-26 11:39:09,191: log_options() 'quotes_width = 70'
INFO: 2022-05-26 11:39:09,191: log_options() 'safe_mode = False'
INFO: 2022-05-26 11:39:09,191: log_options() 'set_wallpaper_script = /home/tommi/.config/variety/scripts/set_wallpaper'
INFO: 2022-05-26 11:39:09,191: log_options() 'slideshow_custom_enabled = False'
INFO: 2022-05-26 11:39:09,191: log_options() 'slideshow_custom_folder = /home/tommi/Pictures'
INFO: 2022-05-26 11:39:09,191: log_options() 'slideshow_downloads_enabled = False'
INFO: 2022-05-26 11:39:09,191: log_options() 'slideshow_fade = 0.4'
INFO: 2022-05-26 11:39:09,191: log_options() 'slideshow_favorites_enabled = True'
INFO: 2022-05-26 11:39:09,191: log_options() 'slideshow_mode = Fullscreen'
INFO: 2022-05-26 11:39:09,191: log_options() 'slideshow_monitor = All'
INFO: 2022-05-26 11:39:09,191: log_options() 'slideshow_pan = 0.05'
INFO: 2022-05-26 11:39:09,191: log_options() 'slideshow_seconds = 6.0'
INFO: 2022-05-26 11:39:09,191: log_options() 'slideshow_sort_order = Random'
INFO: 2022-05-26 11:39:09,191: log_options() 'slideshow_sources_enabled = True'
INFO: 2022-05-26 11:39:09,191: log_options() 'slideshow_zoom = 0.2'
INFO: 2022-05-26 11:39:09,191: log_options() 'smart_enabled = False'
INFO: 2022-05-26 11:39:09,191: log_options() 'smart_notice_shown = False'
INFO: 2022-05-26 11:39:09,191: log_options() 'smart_register_shown = False'
INFO: 2022-05-26 11:39:09,191: log_options() 'sources = [[True, 'favorites', 'The Favorites folder'], [True, 'fetched', 'The Fetched folder'], [True, 'folder', '/usr/share/wallpapers'], [True, 'folder', '/usr/share/backgrounds'], [True, 'desktoppr', 'Random wallpapers from Desktoppr.co'], [True, 'bing', 'Bing Photo of the Day'], [True, 'unsplash', 'High-resolution photos from Unsplash.com'], [True, 'apod', "NASA's Astronomy Picture of the Day"], [False, 'earth', 'World Sunlight Map - live wallpaper from Die.net'], [True, 'flickr', 'user:www.flickr.com/photos/peter-levi/;user_id:93647178@N00;'], [False, 'earthview', 'Google Earth View Wallpapers'], [False, 'natgeo', "National Geographic's photo of the day"]]'
INFO: 2022-05-26 11:39:09,191: log_options() 'stats_enabled = True'
INFO: 2022-05-26 11:39:09,191: log_options() 'stats_notice_shown = False'
INFO: 2022-05-26 11:39:09,191: log_options() 'sync_enabled = True'
INFO: 2022-05-26 11:39:09,191: log_options() 'use_landscape_enabled = True'
INFO: 2022-05-26 11:39:09,191: log_options() 'wallhaven_api_key = '
INFO: 2022-05-26 11:39:09,191: reload_config() 'No need to clear prepared queue'
INFO: 2022-05-26 11:39:09,191: update_indicator() 'Setting file info to: /usr/share/wallpapers/garuda-wallpapers/Ghosts.jpg
/usr/share/wallpapers/garuda-wallpapers/Ghosts.jpg'
INFO: 2022-05-26 11:39:09,192: load_banned() 'Missing or invalid banned URLs list, no URLs will be banned'
INFO: 2022-05-26 11:39:09,192: load_last_change_time() 'Change interval < 6 hours, ignore persisted last_change_time, wait initially the whole interval: 300'
INFO: 2022-05-26 11:39:09,192: update_indicator() 'Setting file info to: /usr/share/wallpapers/garuda-wallpapers/Ghosts.jpg
/usr/share/wallpapers/garuda-wallpapers/Ghosts.jpg'
INFO: 2022-05-26 11:39:09,192: regular_change_thread() 'regular_change thread running'
INFO: 2022-05-26 11:39:09,192: prepare_thread() 'Prepare thread running'
INFO: 2022-05-26 11:39:09,192: prepare_thread() 'Prepared buffer contains 0 images'
INFO: 2022-05-26 11:39:09,192: get_throttling() 'Bing: parsing serverside options'
INFO: 2022-05-26 11:39:09,192: prepare_thread() 'Preparing some images'
INFO: 2022-05-26 11:39:09,192: get_throttling() 'Could not parse Bing serverside options, using defaults None, None'
INFO: 2022-05-26 11:39:09,193: get_throttling() 'Bing: parsing serverside options'
INFO: 2022-05-26 11:39:09,193: get_throttling() 'Could not parse Bing serverside options, using defaults None, None'
INFO: 2022-05-26 11:39:09,193: download_one() 'Bing: Downloading an image, config: None'
INFO: 2022-05-26 11:39:09,193: download_one() 'Bing: Queue size: 0'
INFO: 2022-05-26 11:39:09,193: get_throttling() 'Bing: parsing serverside options'
INFO: 2022-05-26 11:39:09,193: get_throttling() 'Could not parse Bing serverside options, using defaults None, None'
INFO: 2022-05-26 11:39:09,193: download_one() 'Bing: Filling queue'
INFO: 2022-05-26 11:39:09,193: update_indicator_icon() 'Creating indicator'
WARNING: 2022-05-26 11:39:09,199: create_menu() 'Variety Slideshow is not installed. This is an optional extension adding pan-and-zoom slideshows to Variety: see https://github.com/peterlevi/variety-slideshow for details'
INFO: 2022-05-26 11:39:09,200: create_indicator() 'indicator backend: AppIndicator3'
INFO: 2022-05-26 11:39:09,203: set_from_theme_icon() 'Showing indicator icon variety-indicator from GTK theme'
INFO: 2022-05-26 11:39:09,230: prepare_thread() 'After search prepared buffer contains 100 images'
INFO: 2022-05-26 11:39:09,292: do_set_wp() 'Calling do_set_wp with /usr/share/wallpapers/garuda-wallpapers/Ghosts.jpg
/usr/share/wallpapers/garuda-wallpapers/Ghosts.jpg, time: 1653554349.292702'
INFO: 2022-05-26 11:39:09,292: do_set_wp() 'Missing file or bad permissions, will not use it: /usr/share/wallpapers/garuda-wallpapers/Ghosts.jpg
/usr/share/wallpapers/garuda-wallpapers/Ghosts.jpg'
INFO: 2022-05-26 11:39:09,351: reload() 'Reloading preferences dialog'
INFO: 2022-05-26 11:39:09,358: download_one() 'Bing: Queue populated with 8 URLs'
INFO: 2022-05-26 11:39:09,358: save_locally() 'Origin URL: https://www.bing.com/search?q=world+bee+day&form=hpcapt&filters=HpDate%3a%2220220520_0700%22'
INFO: 2022-05-26 11:39:09,358: save_locally() 'Image URL: https://www.bing.com/th?id=OHR.ApisMellifera_EN-US1549924485_1920x1080.jpg&rf=LaDigue_1920x1080.jpg&pid=hp'
INFO: 2022-05-26 11:39:09,358: save_locally() 'Local path: /home/tommi/.config/variety/Downloaded/Bing/OHR.ApisMellifera_EN-US1549924485_1920x1080.jpg'
INFO: 2022-05-26 11:39:09,559: save_locally() 'Download complete'
INFO: 2022-05-26 11:39:09,560: update_indicator() 'Setting file info to: /usr/share/wallpapers/garuda-wallpapers/Ghosts.jpg
/usr/share/wallpapers/garuda-wallpapers/Ghosts.jpg'
INFO: 2022-05-26 11:39:09,560: download_one_from() 'Adding downloaded file /home/tommi/.config/variety/Downloaded/Bing/OHR.ApisMellifera_EN-US1549924485_1920x1080.jpg to unseen_downloads'
INFO: 2022-05-26 11:39:10,560: get_throttling() 'Unsplash.com: parsing serverside options'
INFO: 2022-05-26 11:39:10,561: get_throttling() 'Could not parse Unsplash.com serverside options, using defaults 10, 1'
INFO: 2022-05-26 11:39:10,561: get_throttling() 'Unsplash.com: parsing serverside options'
INFO: 2022-05-26 11:39:10,561: get_throttling() 'Could not parse Unsplash.com serverside options, using defaults 10, 1'
INFO: 2022-05-26 11:39:10,561: download_one() 'Unsplash.com: Downloading an image, config: None'
INFO: 2022-05-26 11:39:10,561: download_one() 'Unsplash.com: Queue size: 0'
INFO: 2022-05-26 11:39:10,561: get_throttling() 'Unsplash.com: parsing serverside options'
INFO: 2022-05-26 11:39:10,561: get_throttling() 'Could not parse Unsplash.com serverside options, using defaults 10, 1'
INFO: 2022-05-26 11:39:10,561: download_one() 'Unsplash.com: Filling queue'
INFO: 2022-05-26 11:39:10,561: fill_queue() 'Filling Unsplash queue from https://api.unsplash.com/photos/random?count=30&client_id=072e5048dfcb73a8d9ad59fcf402471518ff8df725df462b0c4fa665f466515a&orientation=landscape'
ERROR: 2022-05-26 11:39:10,698: download_one_from() 'Could not download wallpaper:'
Traceback (most recent call last):
  File "/usr/lib/python3.10/site-packages/variety/VarietyWindow.py", line 1161, in download_one_from
    file = downloader.download_one()
  File "/usr/lib/python3.10/site-packages/variety/plugins/downloaders/DefaultDownloader.py", line 141, in download_one
    items = self.fill_queue()
  File "/usr/lib/python3.10/site-packages/variety/plugins/builtin/downloaders/UnsplashDownloader.py", line 87, in fill_queue
    r = Util.request(url)
  File "/usr/lib/python3.10/site-packages/variety/Util.py", line 632, in request
    r.raise_for_status()
  File "/usr/lib/python3.10/site-packages/requests/models.py", line 960, in raise_for_status
    raise HTTPError(http_error_msg, response=self)
requests.exceptions.HTTPError: 403 Client Error: Forbidden for url: https://api.unsplash.com/photos/random?count=30&client_id=072e5048dfcb73a8d9ad59fcf402471518ff8df725df462b0c4fa665f466515a&orientation=landscape
INFO: 2022-05-26 11:39:11,231: trigger_download() 'Triggering download thread to check if download needed and possible'
INFO: 2022-05-26 11:39:11,699: get_throttling() 'NASA Astro Pic of the Day: parsing serverside options'
INFO: 2022-05-26 11:39:11,700: get_throttling() 'Could not parse NASA Astro Pic of the Day serverside options, using defaults None, None'
INFO: 2022-05-26 11:39:11,700: get_throttling() 'NASA Astro Pic of the Day: parsing serverside options'
INFO: 2022-05-26 11:39:11,700: get_throttling() 'Could not parse NASA Astro Pic of the Day serverside options, using defaults None, None'
INFO: 2022-05-26 11:39:11,700: download_one() 'NASA Astro Pic of the Day: Downloading an image, config: None'
INFO: 2022-05-26 11:39:11,700: download_one() 'NASA Astro Pic of the Day: Queue size: 0'
INFO: 2022-05-26 11:39:11,700: get_throttling() 'NASA Astro Pic of the Day: parsing serverside options'
INFO: 2022-05-26 11:39:11,700: get_throttling() 'Could not parse NASA Astro Pic of the Day serverside options, using defaults None, None'
INFO: 2022-05-26 11:39:11,700: download_one() 'NASA Astro Pic of the Day: Filling queue'
INFO: 2022-05-26 11:39:11,700: fill_queue() 'Filling APOD queue from Archive'
INFO: 2022-05-26 11:39:12,422: trigger_download() 'Triggering download thread to check if download needed and possible'
INFO: 2022-05-26 11:39:12,522: apply() 'Applying preferences'
INFO: 2022-05-26 11:39:12,526: set_visible() 'Showing indicator icon'
INFO: 2022-05-26 11:39:12,526: set_from_theme_icon() 'Showing indicator icon variety-indicator from GTK theme'
INFO: 2022-05-26 11:39:12,526: log_options() 'Loaded options:'
INFO: 2022-05-26 11:39:12,526: log_options() 'change_enabled = True'
INFO: 2022-05-26 11:39:12,526: log_options() 'change_interval = 300'
INFO: 2022-05-26 11:39:12,526: log_options() 'change_on_start = False'
INFO: 2022-05-26 11:39:12,526: log_options() 'clipboard_enabled = False'
INFO: 2022-05-26 11:39:12,526: log_options() 'clipboard_hosts = ['wallhaven.cc', 'wallpapers.net', 'flickr.com', 'imgur.com', 'deviantart.com', 'interfacelift.com', 'vladstudio.com', 'imageshack.us', 'deviantart.net', 'imageshack.com']'
INFO: 2022-05-26 11:39:12,526: log_options() 'clipboard_use_whitelist = True'
INFO: 2022-05-26 11:39:12,526: log_options() 'clock_date_font = Ubuntu Condensed, 30'
INFO: 2022-05-26 11:39:12,526: log_options() 'clock_enabled = False'
INFO: 2022-05-26 11:39:12,526: log_options() 'clock_filter = -density 100 -font `fc-match -f '%{file[0]}' '%CLOCK_FONT_NAME'` -pointsize %CLOCK_FONT_SIZE -gravity SouthEast -fill '#00000044' -annotate 0x0+[%HOFFSET+58]+[%VOFFSET+108] '%H:%M' -fill white -annotate 0x0+[%HOFFSET+60]+[%VOFFSET+110] '%H:%M' -font `fc-match -f '%{file[0]}' '%DATE_FONT_NAME'` -pointsize %DATE_FONT_SIZE -fill '#00000044' -annotate 0x0+[%HOFFSET+58]+[%VOFFSET+58] '%A, %B %d' -fill white -annotate 0x0+[%HOFFSET+60]+[%VOFFSET+60] '%A, %B %d''
INFO: 2022-05-26 11:39:12,526: log_options() 'clock_font = Ubuntu Condensed, 70'
INFO: 2022-05-26 11:39:12,526: log_options() 'configfile = /home/tommi/.config/variety/variety.conf'
INFO: 2022-05-26 11:39:12,526: log_options() 'copyto_enabled = False'
INFO: 2022-05-26 11:39:12,526: log_options() 'copyto_folder = Default'
INFO: 2022-05-26 11:39:12,526: log_options() 'desired_color = [160, 160, 160]'
INFO: 2022-05-26 11:39:12,526: log_options() 'desired_color_enabled = False'
INFO: 2022-05-26 11:39:12,526: log_options() 'download_folder = /home/tommi/.config/variety/Downloaded'
INFO: 2022-05-26 11:39:12,526: log_options() 'download_preference_ratio = 0.9'
INFO: 2022-05-26 11:39:12,526: log_options() 'favorites_folder = /home/tommi/.config/variety/Favorites'
INFO: 2022-05-26 11:39:12,526: log_options() 'favorites_operations = [['Downloaded', 'Copy'], ['Fetched', 'Move'], ['Others', 'Copy']]'
INFO: 2022-05-26 11:39:12,526: log_options() 'fetched_folder = /home/tommi/.config/variety/Fetched'
INFO: 2022-05-26 11:39:12,526: log_options() 'filters = [[False, 'Keep original', ''], [False, 'Grayscale', '-type Grayscale'], [False, 'Heavy blur', '-blur 120x40'], [False, 'Soft blur', '-blur 20x7'], [False, 'Oil painting', '-paint 8'], [False, 'Pencil sketch', '-colorspace gray \\( +clone -tile ~/.config/variety/pencil_tile.png -draw "color 0,0 reset" +clone +swap -compose color_dodge -composite \\) -fx \'u*.2+v*.8\''], [False, 'Pointilism', '-spread 10 -noise 3'], [False, 'Pixellate', '-scale 3% -scale 3333%']]'
INFO: 2022-05-26 11:39:12,526: log_options() 'get_wallpaper_script = /home/tommi/.config/variety/scripts/get_wallpaper'
INFO: 2022-05-26 11:39:12,526: log_options() 'icon = Light'
INFO: 2022-05-26 11:39:12,526: log_options() 'internet_enabled = True'
INFO: 2022-05-26 11:39:12,526: log_options() 'lightness_enabled = False'
INFO: 2022-05-26 11:39:12,526: log_options() 'lightness_mode = 0'
INFO: 2022-05-26 11:39:12,526: log_options() 'min_rating = 4'
INFO: 2022-05-26 11:39:12,526: log_options() 'min_rating_enabled = False'
INFO: 2022-05-26 11:39:12,527: log_options() 'min_size = 80'
INFO: 2022-05-26 11:39:12,527: log_options() 'min_size_enabled = False'
INFO: 2022-05-26 11:39:12,527: log_options() 'quota_enabled = True'
INFO: 2022-05-26 11:39:12,527: log_options() 'quota_size = 500'
INFO: 2022-05-26 11:39:12,527: log_options() 'quotes_authors = '
INFO: 2022-05-26 11:39:12,527: log_options() 'quotes_bg_color = [80, 80, 80]'
INFO: 2022-05-26 11:39:12,527: log_options() 'quotes_bg_opacity = 55'
INFO: 2022-05-26 11:39:12,527: log_options() 'quotes_change_enabled = False'
INFO: 2022-05-26 11:39:12,527: log_options() 'quotes_change_interval = 300'
INFO: 2022-05-26 11:39:12,527: log_options() 'quotes_disabled_sources = ['']'
INFO: 2022-05-26 11:39:12,527: log_options() 'quotes_enabled = False'
INFO: 2022-05-26 11:39:12,527: log_options() 'quotes_favorites_file = /home/tommi/.config/variety/favorite_quotes.txt'
INFO: 2022-05-26 11:39:12,527: log_options() 'quotes_font = Bitstream Charter 30'
INFO: 2022-05-26 11:39:12,527: log_options() 'quotes_hpos = 100'
INFO: 2022-05-26 11:39:12,527: log_options() 'quotes_max_length = 250'
INFO: 2022-05-26 11:39:12,527: log_options() 'quotes_tags = '
INFO: 2022-05-26 11:39:12,527: log_options() 'quotes_text_color = [255, 255, 255]'
INFO: 2022-05-26 11:39:12,527: log_options() 'quotes_text_shadow = False'
INFO: 2022-05-26 11:39:12,527: log_options() 'quotes_vpos = 40'
INFO: 2022-05-26 11:39:12,527: log_options() 'quotes_width = 70'
INFO: 2022-05-26 11:39:12,527: log_options() 'safe_mode = False'
INFO: 2022-05-26 11:39:12,527: log_options() 'set_wallpaper_script = /home/tommi/.config/variety/scripts/set_wallpaper'
INFO: 2022-05-26 11:39:12,527: log_options() 'slideshow_custom_enabled = False'
INFO: 2022-05-26 11:39:12,527: log_options() 'slideshow_custom_folder = /home/tommi/Pictures'
INFO: 2022-05-26 11:39:12,527: log_options() 'slideshow_downloads_enabled = False'
INFO: 2022-05-26 11:39:12,527: log_options() 'slideshow_fade = 0.4'
INFO: 2022-05-26 11:39:12,527: log_options() 'slideshow_favorites_enabled = True'
INFO: 2022-05-26 11:39:12,527: log_options() 'slideshow_mode = Fullscreen'
INFO: 2022-05-26 11:39:12,527: log_options() 'slideshow_monitor = All'
INFO: 2022-05-26 11:39:12,527: log_options() 'slideshow_pan = 0.05'
INFO: 2022-05-26 11:39:12,527: log_options() 'slideshow_seconds = 6.0'
INFO: 2022-05-26 11:39:12,527: log_options() 'slideshow_sort_order = Random'
INFO: 2022-05-26 11:39:12,527: log_options() 'slideshow_sources_enabled = True'
INFO: 2022-05-26 11:39:12,527: log_options() 'slideshow_zoom = 0.2'
INFO: 2022-05-26 11:39:12,527: log_options() 'smart_enabled = False'
INFO: 2022-05-26 11:39:12,527: log_options() 'smart_notice_shown = False'
INFO: 2022-05-26 11:39:12,527: log_options() 'smart_register_shown = False'
INFO: 2022-05-26 11:39:12,527: log_options() 'sources = [[True, 'favorites', 'The Favorites folder'], [True, 'fetched', 'The Fetched folder'], [True, 'folder', '/usr/share/wallpapers'], [True, 'folder', '/usr/share/backgrounds'], [True, 'bing', 'Bing Photo of the Day'], [True, 'unsplash', 'High-resolution photos from Unsplash.com'], [True, 'apod', "NASA's Astronomy Picture of the Day"], [True, 'flickr', 'user:www.flickr.com/photos/peter-levi/;user_id:93647178@N00;'], [False, 'earthview', 'Google Earth View Wallpapers'], [False, 'natgeo', "National Geographic's photo of the day"], [True, 'desktoppr', 'Random wallpapers from Desktoppr.co'], [False, 'earth', 'World Sunlight Map - live wallpaper from Die.net']]'
INFO: 2022-05-26 11:39:12,527: log_options() 'stats_enabled = True'
INFO: 2022-05-26 11:39:12,527: log_options() 'stats_notice_shown = False'
INFO: 2022-05-26 11:39:12,527: log_options() 'sync_enabled = True'
INFO: 2022-05-26 11:39:12,527: log_options() 'use_landscape_enabled = True'
INFO: 2022-05-26 11:39:12,527: log_options() 'wallhaven_api_key = '
INFO: 2022-05-26 11:39:12,527: clear_prepared_queue() 'Clearing prepared queue'
INFO: 2022-05-26 11:39:12,527: update_indicator() 'Setting file info to: /usr/share/wallpapers/garuda-wallpapers/Ghosts.jpg
/usr/share/wallpapers/garuda-wallpapers/Ghosts.jpg'
INFO: 2022-05-26 11:39:12,528: prepare_thread() 'Prepared buffer contains 0 images'
INFO: 2022-05-26 11:39:12,528: prepare_thread() 'Preparing some images'
INFO: 2022-05-26 11:39:12,559: prepare_thread() 'After search prepared buffer contains 97 images'
INFO: 2022-05-26 11:39:12,559: prepare_thread() 'Prepared buffer contains 97 images'
INFO: 2022-05-26 11:39:12,628: do_set_wp() 'Calling do_set_wp with /usr/share/wallpapers/garuda-wallpapers/Ghosts.jpg
/usr/share/wallpapers/garuda-wallpapers/Ghosts.jpg, time: 1653554352.6284745'
INFO: 2022-05-26 11:39:12,628: do_set_wp() 'Missing file or bad permissions, will not use it: /usr/share/wallpapers/garuda-wallpapers/Ghosts.jpg
/usr/share/wallpapers/garuda-wallpapers/Ghosts.jpg'
INFO: 2022-05-26 11:39:12,846: download_one() 'NASA Astro Pic of the Day: Queue populated with 730 URLs'
INFO: 2022-05-26 11:39:12,846: download_queue_item() 'APOD URL: https://apod.nasa.gov/apod/ap210127.html'
INFO: 2022-05-26 11:39:13,306: download_queue_item() 'Image URL: https://apod.nasa.gov/apod/image/2101/NGC5775_NraoEnglish_6067.jpg'
INFO: 2022-05-26 11:39:13,306: save_locally() 'Origin URL: https://apod.nasa.gov/apod/ap210127.html'
INFO: 2022-05-26 11:39:13,306: save_locally() 'Image URL: https://apod.nasa.gov/apod/image/2101/NGC5775_NraoEnglish_6067.jpg'
INFO: 2022-05-26 11:39:13,306: save_locally() 'Local path: /home/tommi/.config/variety/Downloaded/nasa_apod/NGC5775_NraoEnglish_6067.jpg'
INFO: 2022-05-26 11:39:14,559: trigger_download() 'Triggering download thread to check if download needed and possible'
INFO: 2022-05-26 11:39:14,559: trigger_download() 'Triggering download thread to check if download needed and possible'
INFO: 2022-05-26 11:39:15,535: save_locally() 'Download complete'
INFO: 2022-05-26 11:39:15,535: update_indicator() 'Setting file info to: /usr/share/wallpapers/garuda-wallpapers/Ghosts.jpg
/usr/share/wallpapers/garuda-wallpapers/Ghosts.jpg'
INFO: 2022-05-26 11:39:15,535: list_files() 'More than 1 files in the folders, stop listing'
INFO: 2022-05-26 11:39:15,535: download_one_from() 'Adding downloaded file /home/tommi/.config/variety/Downloaded/nasa_apod/NGC5775_NraoEnglish_6067.jpg to unseen_downloads'
INFO: 2022-05-26 11:39:16,537: get_throttling() 'Flickr: parsing serverside options'
INFO: 2022-05-26 11:39:16,537: get_throttling() 'Could not parse Flickr serverside options, using defaults 120, 20'
INFO: 2022-05-26 11:39:16,537: get_throttling() 'Flickr: parsing serverside options'
INFO: 2022-05-26 11:39:16,537: get_throttling() 'Could not parse Flickr serverside options, using defaults 120, 20'
INFO: 2022-05-26 11:39:16,537: download_one() 'Flickr: Downloading an image, config: user:www.flickr.com/photos/peter-levi/;user_id:93647178@N00;'
INFO: 2022-05-26 11:39:16,537: download_one() 'Flickr: Queue size: 0'
INFO: 2022-05-26 11:39:16,537: get_throttling() 'Flickr: parsing serverside options'
INFO: 2022-05-26 11:39:16,537: get_throttling() 'Could not parse Flickr serverside options, using defaults 120, 20'
INFO: 2022-05-26 11:39:16,537: download_one() 'Flickr: Filling queue'
INFO: 2022-05-26 11:39:16,537: fetch() 'Making flickr API call: https://api.flickr.com/services/rest/?method=flickr.photos.search&api_key=0553a848c09bcfd21d3a984d9408c04e&per_page=500&tag_mode=all&format=json&nojsoncallback=1&user_id=93647178@N00'
INFO: 2022-05-26 11:39:16,787: fill_queue() '1 pages in the search results, using page 1'
INFO: 2022-05-26 11:39:16,787: fetch() 'Making flickr API call: https://api.flickr.com/services/rest/?method=flickr.photos.search&api_key=0553a848c09bcfd21d3a984d9408c04e&per_page=500&tag_mode=all&format=json&nojsoncallback=1&user_id=93647178@N00&extras=owner_name,description,tags,o_dims,url_o,url_k,url_h,url_l&page=1'
INFO: 2022-05-26 11:39:17,179: process_photos_in_response() 'Queue size is 0, populating with images for size suffix o'
INFO: 2022-05-26 11:39:17,182: download_one() 'Flickr: Queue populated with 81 URLs'
INFO: 2022-05-26 11:39:17,183: save_locally() 'Origin URL: https://www.flickr.com/photos/93647178@N00/7527794734'
INFO: 2022-05-26 11:39:17,183: save_locally() 'Image URL: https://live.staticflickr.com/7277/7527794734_7e7842c37d_o.jpg'
INFO: 2022-05-26 11:39:17,183: save_locally() 'Local path: /home/tommi/.config/variety/Downloaded/flickr_user_www_flickr_com_photos_peter_levi__user_id_93647178_N00_/7527794734_7e7842c37d_o.jpg'
INFO: 2022-05-26 11:39:17,363: save_locally() 'Download complete'
INFO: 2022-05-26 11:39:17,363: update_indicator() 'Setting file info to: /usr/share/wallpapers/garuda-wallpapers/Ghosts.jpg
/usr/share/wallpapers/garuda-wallpapers/Ghosts.jpg'
INFO: 2022-05-26 11:39:17,363: list_files() 'More than 1 files in the folders, stop listing'
INFO: 2022-05-26 11:39:17,364: download_one_from() 'Adding downloaded file /home/tommi/.config/variety/Downloaded/flickr_user_www_flickr_com_photos_peter_levi__user_id_93647178_N00_/7527794734_7e7842c37d_o.jpg to unseen_downloads'
INFO: 2022-05-26 11:39:18,365: get_throttling() 'Bing: parsing serverside options'
INFO: 2022-05-26 11:39:18,365: get_throttling() 'Could not parse Bing serverside options, using defaults None, None'
INFO: 2022-05-26 11:39:18,365: get_throttling() 'Bing: parsing serverside options'
INFO: 2022-05-26 11:39:18,365: get_throttling() 'Could not parse Bing serverside options, using defaults None, None'
INFO: 2022-05-26 11:39:18,365: download_one() 'Bing: Downloading an image, config: None'
INFO: 2022-05-26 11:39:18,365: download_one() 'Bing: Queue size: 7'
INFO: 2022-05-26 11:39:18,365: download_one() 'Bing: Queue populated with 7 URLs'
INFO: 2022-05-26 11:39:18,365: save_locally() 'Origin URL: https://www.bing.com/search?q=alhambra+palace+and+fortress+spain&form=hpcapt&filters=HpDate%3a%2220220525_0700%22'
INFO: 2022-05-26 11:39:18,365: save_locally() 'Image URL: https://www.bing.com/th?id=OHR.Alhambra_EN-US9442124079_1920x1080.jpg&rf=LaDigue_1920x1080.jpg&pid=hp'
INFO: 2022-05-26 11:39:18,365: save_locally() 'Local path: /home/tommi/.config/variety/Downloaded/Bing/OHR.Alhambra_EN-US9442124079_1920x1080.jpg'
INFO: 2022-05-26 11:39:18,547: save_locally() 'Download complete'
INFO: 2022-05-26 11:39:18,548: update_indicator() 'Setting file info to: /usr/share/wallpapers/garuda-wallpapers/Ghosts.jpg
/usr/share/wallpapers/garuda-wallpapers/Ghosts.jpg'
INFO: 2022-05-26 11:39:18,548: list_files() 'More than 1 files in the folders, stop listing'
INFO: 2022-05-26 11:39:18,548: download_one_from() 'Adding downloaded file /home/tommi/.config/variety/Downloaded/Bing/OHR.Alhambra_EN-US9442124079_1920x1080.jpg to unseen_downloads'
INFO: 2022-05-26 11:39:19,549: get_throttling() 'NASA Astro Pic of the Day: parsing serverside options'
INFO: 2022-05-26 11:39:19,549: get_throttling() 'Could not parse NASA Astro Pic of the Day serverside options, using defaults None, None'
INFO: 2022-05-26 11:39:19,549: get_throttling() 'NASA Astro Pic of the Day: parsing serverside options'
INFO: 2022-05-26 11:39:19,549: get_throttling() 'Could not parse NASA Astro Pic of the Day serverside options, using defaults None, None'
INFO: 2022-05-26 11:39:19,549: download_one() 'NASA Astro Pic of the Day: Downloading an image, config: None'
INFO: 2022-05-26 11:39:19,549: download_one() 'NASA Astro Pic of the Day: Queue size: 729'
INFO: 2022-05-26 11:39:19,549: download_one() 'NASA Astro Pic of the Day: Queue populated with 729 URLs'
INFO: 2022-05-26 11:39:19,549: download_queue_item() 'APOD URL: https://apod.nasa.gov/apod/ap200813.html'
INFO: 2022-05-26 11:39:20,007: download_queue_item() 'Image URL: https://apod.nasa.gov/apod/image/2008/AlienThrone_Zajac_3807.jpg'
INFO: 2022-05-26 11:39:20,007: save_locally() 'Origin URL: https://apod.nasa.gov/apod/ap200813.html'
INFO: 2022-05-26 11:39:20,007: save_locally() 'Image URL: https://apod.nasa.gov/apod/image/2008/AlienThrone_Zajac_3807.jpg'
INFO: 2022-05-26 11:39:20,007: save_locally() 'Local path: /home/tommi/.config/variety/Downloaded/nasa_apod/AlienThrone_Zajac_3807.jpg'
INFO: 2022-05-26 11:39:29,211: server_options_thread() 'Fetching server options from http://tiny.cc/variety-options-063'
INFO: 2022-05-26 11:39:29,822: server_options_thread() 'Fetched server options: {'flickr': {'min_fill_queue_interval': 1200, 'min_download_interval': 1200}, 'wallbase': {'min_fill_queue_interval': 1800, 'min_download_interval': 1800}, 'wallhaven': {'min_fill_queue_interval': 1800, 'min_download_interval': 1800}, 'wallpapers.net': {'min_fill_queue_interval': 601, 'min_download_interval': 0}, 'unsplash': {'min_fill_queue_interval': 20000000000, 'min_download_interval': 20000000000}, 'unsplash_v2': {'min_fill_queue_interval': 3600, 'min_download_interval': 1800}, 'status_message': {'0.0.1': '', '*': ''}}'
INFO: 2022-05-26 11:39:31,129: save_locally() 'Download complete'
INFO: 2022-05-26 11:39:31,129: update_indicator() 'Setting file info to: /usr/share/wallpapers/garuda-wallpapers/Ghosts.jpg
/usr/share/wallpapers/garuda-wallpapers/Ghosts.jpg'
INFO: 2022-05-26 11:39:31,129: list_files() 'More than 1 files in the folders, stop listing'
INFO: 2022-05-26 11:39:31,129: download_one_from() 'Adding downloaded file /home/tommi/.config/variety/Downloaded/nasa_apod/AlienThrone_Zajac_3807.jpg to unseen_downloads'
INFO: 2022-05-26 11:39:32,131: get_throttling() 'Flickr: parsing serverside options'
INFO: 2022-05-26 11:39:32,131: get_throttling() 'Flickr serverside options: {'min_fill_queue_interval': 1200, 'min_download_interval': 1200}'
INFO: 2022-05-26 11:39:32,131: get_throttling() 'Flickr: parsing serverside options'
INFO: 2022-05-26 11:39:32,131: get_throttling() 'Flickr serverside options: {'min_fill_queue_interval': 1200, 'min_download_interval': 1200}'
INFO: 2022-05-26 11:39:32,131: download_one() 'Flickr: Downloading an image, config: user:www.flickr.com/photos/peter-levi/;user_id:93647178@N00;'
INFO: 2022-05-26 11:39:32,131: download_one() 'Flickr: Queue size: 80'
INFO: 2022-05-26 11:39:32,131: download_one() 'Flickr: Queue populated with 80 URLs'
INFO: 2022-05-26 11:39:32,131: save_locally() 'Origin URL: https://www.flickr.com/photos/93647178@N00/7527957322'
INFO: 2022-05-26 11:39:32,131: save_locally() 'Image URL: https://live.staticflickr.com/7133/7527957322_67748c88de_o.jpg'
INFO: 2022-05-26 11:39:32,131: save_locally() 'Local path: /home/tommi/.config/variety/Downloaded/flickr_user_www_flickr_com_photos_peter_levi__user_id_93647178_N00_/7527957322_67748c88de_o.jpg'
INFO: 2022-05-26 11:39:32,232: save_locally() 'Download complete'
INFO: 2022-05-26 11:39:32,232: update_indicator() 'Setting file info to: /usr/share/wallpapers/garuda-wallpapers/Ghosts.jpg
/usr/share/wallpapers/garuda-wallpapers/Ghosts.jpg'
INFO: 2022-05-26 11:39:32,233: list_files() 'More than 1 files in the folders, stop listing'
INFO: 2022-05-26 11:39:32,233: download_one_from() 'Adding downloaded file /home/tommi/.config/variety/Downloaded/flickr_user_www_flickr_com_photos_peter_levi__user_id_93647178_N00_/7527957322_67748c88de_o.jpg to unseen_downloads'
INFO: 2022-05-26 11:39:33,233: get_throttling() 'Bing: parsing serverside options'
INFO: 2022-05-26 11:39:33,234: get_throttling() 'Could not parse Bing serverside options, using defaults None, None'
INFO: 2022-05-26 11:39:33,234: get_throttling() 'Bing: parsing serverside options'
INFO: 2022-05-26 11:39:33,234: get_throttling() 'Could not parse Bing serverside options, using defaults None, None'
INFO: 2022-05-26 11:39:33,234: download_one() 'Bing: Downloading an image, config: None'
INFO: 2022-05-26 11:39:33,234: download_one() 'Bing: Queue size: 6'
INFO: 2022-05-26 11:39:33,234: download_one() 'Bing: Queue populated with 6 URLs'
INFO: 2022-05-26 11:39:33,234: save_locally() 'Origin URL: https://www.bing.com/search?q=International+Day+for+Biological+Diversity&form=hpcapt&filters=HpDate%3a%2220220522_0700%22'
INFO: 2022-05-26 11:39:33,234: save_locally() 'Image URL: https://www.bing.com/th?id=OHR.ZebraEgret_EN-US9268536963_1920x1080.jpg&rf=LaDigue_1920x1080.jpg&pid=hp'
INFO: 2022-05-26 11:39:33,234: save_locally() 'Local path: /home/tommi/.config/variety/Downloaded/Bing/OHR.ZebraEgret_EN-US9268536963_1920x1080.jpg'
INFO: 2022-05-26 11:39:33,295: save_locally() 'Download complete'
INFO: 2022-05-26 11:39:33,295: update_indicator() 'Setting file info to: /usr/share/wallpapers/garuda-wallpapers/Ghosts.jpg
/usr/share/wallpapers/garuda-wallpapers/Ghosts.jpg'
INFO: 2022-05-26 11:39:33,295: list_files() 'More than 1 files in the folders, stop listing'
INFO: 2022-05-26 11:39:33,295: download_one_from() 'Adding downloaded file /home/tommi/.config/variety/Downloaded/Bing/OHR.ZebraEgret_EN-US9268536963_1920x1080.jpg to unseen_downloads'
INFO: 2022-05-26 11:39:34,297: get_throttling() 'NASA Astro Pic of the Day: parsing serverside options'
INFO: 2022-05-26 11:39:34,297: get_throttling() 'Could not parse NASA Astro Pic of the Day serverside options, using defaults None, None'
INFO: 2022-05-26 11:39:34,297: get_throttling() 'NASA Astro Pic of the Day: parsing serverside options'
INFO: 2022-05-26 11:39:34,297: get_throttling() 'Could not parse NASA Astro Pic of the Day serverside options, using defaults None, None'
INFO: 2022-05-26 11:39:34,297: download_one() 'NASA Astro Pic of the Day: Downloading an image, config: None'
INFO: 2022-05-26 11:39:34,297: download_one() 'NASA Astro Pic of the Day: Queue size: 728'
INFO: 2022-05-26 11:39:34,297: download_one() 'NASA Astro Pic of the Day: Queue populated with 728 URLs'
INFO: 2022-05-26 11:39:34,297: download_queue_item() 'APOD URL: https://apod.nasa.gov/apod/ap210717.html'
INFO: 2022-05-26 11:39:34,787: download_queue_item() 'Image URL: https://apod.nasa.gov/apod/image/2107/AlphonseArzachelOwl_Donnard.jpg'
INFO: 2022-05-26 11:39:34,787: save_locally() 'Origin URL: https://apod.nasa.gov/apod/ap210717.html'
INFO: 2022-05-26 11:39:34,787: save_locally() 'Image URL: https://apod.nasa.gov/apod/image/2107/AlphonseArzachelOwl_Donnard.jpg'
INFO: 2022-05-26 11:39:34,788: save_locally() 'Local path: /home/tommi/.config/variety/Downloaded/nasa_apod/AlphonseArzachelOwl_Donnard.jpg'
INFO: 2022-05-26 11:39:38,436: save_locally() 'Download complete'
INFO: 2022-05-26 11:39:38,436: update_indicator() 'Setting file info to: /usr/share/wallpapers/garuda-wallpapers/Ghosts.jpg
/usr/share/wallpapers/garuda-wallpapers/Ghosts.jpg'
INFO: 2022-05-26 11:39:38,437: list_files() 'More than 1 files in the folders, stop listing'
INFO: 2022-05-26 11:39:38,437: prepare_thread() 'Prepared buffer contains 97 images'
INFO: 2022-05-26 11:39:39,437: get_throttling() 'NASA Astro Pic of the Day: parsing serverside options'
INFO: 2022-05-26 11:39:39,438: get_throttling() 'Could not parse NASA Astro Pic of the Day serverside options, using defaults None, None'
INFO: 2022-05-26 11:39:39,438: get_throttling() 'NASA Astro Pic of the Day: parsing serverside options'
INFO: 2022-05-26 11:39:39,438: get_throttling() 'Could not parse NASA Astro Pic of the Day serverside options, using defaults None, None'
INFO: 2022-05-26 11:39:39,438: download_one() 'NASA Astro Pic of the Day: Downloading an image, config: None'
INFO: 2022-05-26 11:39:39,438: download_one() 'NASA Astro Pic of the Day: Queue size: 727'
INFO: 2022-05-26 11:39:39,438: download_one() 'NASA Astro Pic of the Day: Queue populated with 727 URLs'
INFO: 2022-05-26 11:39:39,438: download_queue_item() 'APOD URL: https://apod.nasa.gov/apod/ap210216.html'
INFO: 2022-05-26 11:39:39,905: download_queue_item() 'No image url found for this APOD URL'
INFO: 2022-05-26 11:39:40,437: trigger_download() 'Triggering download thread to check if download needed and possible'
INFO: 2022-05-26 11:39:40,905: get_throttling() 'Flickr: parsing serverside options'
INFO: 2022-05-26 11:39:40,906: get_throttling() 'Flickr serverside options: {'min_fill_queue_interval': 1200, 'min_download_interval': 1200}'
INFO: 2022-05-26 11:39:40,906: get_throttling() 'Flickr: parsing serverside options'
INFO: 2022-05-26 11:39:40,906: get_throttling() 'Flickr serverside options: {'min_fill_queue_interval': 1200, 'min_download_interval': 1200}'
INFO: 2022-05-26 11:39:40,906: download_one() 'Flickr: Downloading an image, config: user:www.flickr.com/photos/peter-levi/;user_id:93647178@N00;'
INFO: 2022-05-26 11:39:40,906: download_one() 'Flickr: Queue size: 79'
INFO: 2022-05-26 11:39:40,906: download_one() 'Flickr: Queue populated with 79 URLs'
INFO: 2022-05-26 11:39:40,906: save_locally() 'Origin URL: https://www.flickr.com/photos/93647178@N00/7527828096'
INFO: 2022-05-26 11:39:40,906: save_locally() 'Image URL: https://live.staticflickr.com/7131/7527828096_f8dee24005_o.jpg'
INFO: 2022-05-26 11:39:40,906: save_locally() 'Local path: /home/tommi/.config/variety/Downloaded/flickr_user_www_flickr_com_photos_peter_levi__user_id_93647178_N00_/7527828096_f8dee24005_o.jpg'
INFO: 2022-05-26 11:39:41,017: save_locally() 'Download complete'
INFO: 2022-05-26 11:39:41,017: update_indicator() 'Setting file info to: /usr/share/wallpapers/garuda-wallpapers/Ghosts.jpg
/usr/share/wallpapers/garuda-wallpapers/Ghosts.jpg'
INFO: 2022-05-26 11:39:41,018: list_files() 'More than 1 files in the folders, stop listing'
INFO: 2022-05-26 11:39:41,018: download_one_from() 'Adding downloaded file /home/tommi/.config/variety/Downloaded/flickr_user_www_flickr_com_photos_peter_levi__user_id_93647178_N00_/7527828096_f8dee24005_o.jpg to unseen_downloads'
INFO: 2022-05-26 11:39:42,018: get_throttling() 'Bing: parsing serverside options'
INFO: 2022-05-26 11:39:42,019: get_throttling() 'Could not parse Bing serverside options, using defaults None, None'
INFO: 2022-05-26 11:39:42,019: get_throttling() 'Bing: parsing serverside options'
INFO: 2022-05-26 11:39:42,019: get_throttling() 'Could not parse Bing serverside options, using defaults None, None'
INFO: 2022-05-26 11:39:42,019: download_one() 'Bing: Downloading an image, config: None'
INFO: 2022-05-26 11:39:42,019: download_one() 'Bing: Queue size: 5'
INFO: 2022-05-26 11:39:42,019: download_one() 'Bing: Queue populated with 5 URLs'
INFO: 2022-05-26 11:39:42,019: save_locally() 'Origin URL: https://www.bing.com/search?q=monteverde+cloud+forest+reserve+costa+rica&form=hpcapt&filters=HpDate%3a%2220220526_0700%22'
INFO: 2022-05-26 11:39:42,019: save_locally() 'Image URL: https://www.bing.com/th?id=OHR.Monteverde_EN-US9503031199_1920x1080.jpg&rf=LaDigue_1920x1080.jpg&pid=hp'
INFO: 2022-05-26 11:39:42,019: save_locally() 'Local path: /home/tommi/.config/variety/Downloaded/Bing/OHR.Monteverde_EN-US9503031199_1920x1080.jpg'
INFO: 2022-05-26 11:39:42,194: save_locally() 'Download complete'
INFO: 2022-05-26 11:39:42,194: update_indicator() 'Setting file info to: /usr/share/wallpapers/garuda-wallpapers/Ghosts.jpg
/usr/share/wallpapers/garuda-wallpapers/Ghosts.jpg'
INFO: 2022-05-26 11:39:42,194: list_files() 'More than 1 files in the folders, stop listing'
INFO: 2022-05-26 11:39:42,195: download_one_from() 'Adding downloaded file /home/tommi/.config/variety/Downloaded/Bing/OHR.Monteverde_EN-US9503031199_1920x1080.jpg to unseen_downloads'
INFO: 2022-05-26 11:39:43,195: get_throttling() 'Flickr: parsing serverside options'
INFO: 2022-05-26 11:39:43,196: get_throttling() 'Flickr serverside options: {'min_fill_queue_interval': 1200, 'min_download_interval': 1200}'
INFO: 2022-05-26 11:39:43,196: get_throttling() 'Flickr: parsing serverside options'
INFO: 2022-05-26 11:39:43,196: get_throttling() 'Flickr serverside options: {'min_fill_queue_interval': 1200, 'min_download_interval': 1200}'
INFO: 2022-05-26 11:39:43,196: download_one() 'Flickr: Downloading an image, config: user:www.flickr.com/photos/peter-levi/;user_id:93647178@N00;'
INFO: 2022-05-26 11:39:43,196: download_one() 'Flickr: Queue size: 78'
INFO: 2022-05-26 11:39:43,196: download_one() 'Flickr: Queue populated with 78 URLs'
INFO: 2022-05-26 11:39:43,196: save_locally() 'Origin URL: https://www.flickr.com/photos/93647178@N00/7527939968'
INFO: 2022-05-26 11:39:43,196: save_locally() 'Image URL: https://live.staticflickr.com/8024/7527939968_d0b91651a8_o.jpg'
INFO: 2022-05-26 11:39:43,196: save_locally() 'Local path: /home/tommi/.config/variety/Downloaded/flickr_user_www_flickr_com_photos_peter_levi__user_id_93647178_N00_/7527939968_d0b91651a8_o.jpg'
INFO: 2022-05-26 11:39:43,272: save_locally() 'Download complete'
INFO: 2022-05-26 11:39:43,272: update_indicator() 'Setting file info to: /usr/share/wallpapers/garuda-wallpapers/Ghosts.jpg
/usr/share/wallpapers/garuda-wallpapers/Ghosts.jpg'
INFO: 2022-05-26 11:39:43,272: list_files() 'More than 1 files in the folders, stop listing'
INFO: 2022-05-26 11:39:43,273: download_one_from() 'Adding downloaded file /home/tommi/.config/variety/Downloaded/flickr_user_www_flickr_com_photos_peter_levi__user_id_93647178_N00_/7527939968_d0b91651a8_o.jpg to unseen_downloads'
INFO: 2022-05-26 11:39:44,273: get_throttling() 'Bing: parsing serverside options'
INFO: 2022-05-26 11:39:44,274: get_throttling() 'Could not parse Bing serverside options, using defaults None, None'
INFO: 2022-05-26 11:39:44,274: get_throttling() 'Bing: parsing serverside options'
INFO: 2022-05-26 11:39:44,274: get_throttling() 'Could not parse Bing serverside options, using defaults None, None'
INFO: 2022-05-26 11:39:44,274: download_one() 'Bing: Downloading an image, config: None'
INFO: 2022-05-26 11:39:44,274: download_one() 'Bing: Queue size: 4'
INFO: 2022-05-26 11:39:44,274: download_one() 'Bing: Queue populated with 4 URLs'
INFO: 2022-05-26 11:39:44,274: save_locally() 'Origin URL: https://www.bing.com/search?q=world+turtle+day&form=hpcapt&filters=HpDate%3a%2220220523_0700%22'
INFO: 2022-05-26 11:39:44,274: save_locally() 'Image URL: https://www.bing.com/th?id=OHR.RedBellied_EN-US7363239921_1920x1080.jpg&rf=LaDigue_1920x1080.jpg&pid=hp'
INFO: 2022-05-26 11:39:44,274: save_locally() 'Local path: /home/tommi/.config/variety/Downloaded/Bing/OHR.RedBellied_EN-US7363239921_1920x1080.jpg'
INFO: 2022-05-26 11:39:44,373: save_locally() 'Download complete'
INFO: 2022-05-26 11:39:44,373: update_indicator() 'Setting file info to: /usr/share/wallpapers/garuda-wallpapers/Ghosts.jpg
/usr/share/wallpapers/garuda-wallpapers/Ghosts.jpg'
INFO: 2022-05-26 11:39:44,373: list_files() 'More than 1 files in the folders, stop listing'
INFO: 2022-05-26 11:39:44,374: download_one_from() 'Adding downloaded file /home/tommi/.config/variety/Downloaded/Bing/OHR.RedBellied_EN-US7363239921_1920x1080.jpg to unseen_downloads'
INFO: 2022-05-26 11:39:45,374: get_throttling() 'Flickr: parsing serverside options'
INFO: 2022-05-26 11:39:45,375: get_throttling() 'Flickr serverside options: {'min_fill_queue_interval': 1200, 'min_download_interval': 1200}'
INFO: 2022-05-26 11:39:45,375: get_throttling() 'Flickr: parsing serverside options'
INFO: 2022-05-26 11:39:45,375: get_throttling() 'Flickr serverside options: {'min_fill_queue_interval': 1200, 'min_download_interval': 1200}'
INFO: 2022-05-26 11:39:45,375: download_one() 'Flickr: Downloading an image, config: user:www.flickr.com/photos/peter-levi/;user_id:93647178@N00;'
INFO: 2022-05-26 11:39:45,375: download_one() 'Flickr: Queue size: 77'
INFO: 2022-05-26 11:39:45,375: download_one() 'Flickr: Queue populated with 77 URLs'
INFO: 2022-05-26 11:39:45,375: save_locally() 'Origin URL: https://www.flickr.com/photos/93647178@N00/7527966952'
INFO: 2022-05-26 11:39:45,375: save_locally() 'Image URL: https://live.staticflickr.com/7276/7527966952_aa5f5077fc_o.jpg'
INFO: 2022-05-26 11:39:45,375: save_locally() 'Local path: /home/tommi/.config/variety/Downloaded/flickr_user_www_flickr_com_photos_peter_levi__user_id_93647178_N00_/7527966952_aa5f5077fc_o.jpg'
INFO: 2022-05-26 11:39:45,474: save_locally() 'Download complete'
INFO: 2022-05-26 11:39:45,474: update_indicator() 'Setting file info to: /usr/share/wallpapers/garuda-wallpapers/Ghosts.jpg
/usr/share/wallpapers/garuda-wallpapers/Ghosts.jpg'
INFO: 2022-05-26 11:39:45,474: list_files() 'More than 1 files in the folders, stop listing'
INFO: 2022-05-26 11:39:45,475: download_one_from() 'Adding downloaded file /home/tommi/.config/variety/Downloaded/flickr_user_www_flickr_com_photos_peter_levi__user_id_93647178_N00_/7527966952_aa5f5077fc_o.jpg to unseen_downloads'
INFO: 2022-05-26 11:39:46,476: get_throttling() 'Bing: parsing serverside options'
INFO: 2022-05-26 11:39:46,476: get_throttling() 'Could not parse Bing serverside options, using defaults None, None'
INFO: 2022-05-26 11:39:46,476: get_throttling() 'Bing: parsing serverside options'
INFO: 2022-05-26 11:39:46,476: get_throttling() 'Could not parse Bing serverside options, using defaults None, None'
INFO: 2022-05-26 11:39:46,476: download_one() 'Bing: Downloading an image, config: None'
INFO: 2022-05-26 11:39:46,476: download_one() 'Bing: Queue size: 3'
INFO: 2022-05-26 11:39:46,476: download_one() 'Bing: Queue populated with 3 URLs'
INFO: 2022-05-26 11:39:46,476: save_locally() 'Origin URL: https://www.bing.com/search?q=zhangjiajie+glass+bridge+china&form=hpcapt&filters=HpDate%3a%2220220519_0700%22'
INFO: 2022-05-26 11:39:46,476: save_locally() 'Image URL: https://www.bing.com/th?id=OHR.GlassBridge_EN-US6168516510_1920x1080.jpg&rf=LaDigue_1920x1080.jpg&pid=hp'
INFO: 2022-05-26 11:39:46,476: save_locally() 'Local path: /home/tommi/.config/variety/Downloaded/Bing/OHR.GlassBridge_EN-US6168516510_1920x1080.jpg'
INFO: 2022-05-26 11:39:46,653: save_locally() 'Download complete'
INFO: 2022-05-26 11:39:46,653: update_indicator() 'Setting file info to: /usr/share/wallpapers/garuda-wallpapers/Ghosts.jpg
/usr/share/wallpapers/garuda-wallpapers/Ghosts.jpg'
INFO: 2022-05-26 11:39:46,653: list_files() 'More than 1 files in the folders, stop listing'
INFO: 2022-05-26 11:39:46,653: download_one_from() 'Adding downloaded file /home/tommi/.config/variety/Downloaded/Bing/OHR.GlassBridge_EN-US6168516510_1920x1080.jpg to unseen_downloads'
INFO: 2022-05-26 11:39:47,655: get_throttling() 'Flickr: parsing serverside options'
INFO: 2022-05-26 11:39:47,655: get_throttling() 'Flickr serverside options: {'min_fill_queue_interval': 1200, 'min_download_interval': 1200}'
INFO: 2022-05-26 11:39:47,655: get_throttling() 'Flickr: parsing serverside options'
INFO: 2022-05-26 11:39:47,655: get_throttling() 'Flickr serverside options: {'min_fill_queue_interval': 1200, 'min_download_interval': 1200}'
INFO: 2022-05-26 11:39:47,655: download_one() 'Flickr: Downloading an image, config: user:www.flickr.com/photos/peter-levi/;user_id:93647178@N00;'
INFO: 2022-05-26 11:39:47,655: download_one() 'Flickr: Queue size: 76'
INFO: 2022-05-26 11:39:47,655: download_one() 'Flickr: Queue populated with 76 URLs'
INFO: 2022-05-26 11:39:47,655: save_locally() 'Origin URL: https://www.flickr.com/photos/93647178@N00/7527920826'
INFO: 2022-05-26 11:39:47,655: save_locally() 'Image URL: https://live.staticflickr.com/7117/7527920826_f60a405e02_o.jpg'
INFO: 2022-05-26 11:39:47,655: save_locally() 'Local path: /home/tommi/.config/variety/Downloaded/flickr_user_www_flickr_com_photos_peter_levi__user_id_93647178_N00_/7527920826_f60a405e02_o.jpg'
INFO: 2022-05-26 11:39:47,773: save_locally() 'Download complete'
INFO: 2022-05-26 11:39:47,773: update_indicator() 'Setting file info to: /usr/share/wallpapers/garuda-wallpapers/Ghosts.jpg
/usr/share/wallpapers/garuda-wallpapers/Ghosts.jpg'
INFO: 2022-05-26 11:39:47,773: list_files() 'More than 1 files in the folders, stop listing'
INFO: 2022-05-26 11:39:47,774: download_one_from() 'Adding downloaded file /home/tommi/.config/variety/Downloaded/flickr_user_www_flickr_com_photos_peter_levi__user_id_93647178_N00_/7527920826_f60a405e02_o.jpg to unseen_downloads'
INFO: 2022-05-26 11:39:48,774: get_throttling() 'Bing: parsing serverside options'
INFO: 2022-05-26 11:39:48,775: get_throttling() 'Could not parse Bing serverside options, using defaults None, None'
INFO: 2022-05-26 11:39:48,775: get_throttling() 'Bing: parsing serverside options'
INFO: 2022-05-26 11:39:48,775: get_throttling() 'Could not parse Bing serverside options, using defaults None, None'
INFO: 2022-05-26 11:39:48,775: download_one() 'Bing: Downloading an image, config: None'
INFO: 2022-05-26 11:39:48,775: download_one() 'Bing: Queue size: 2'
INFO: 2022-05-26 11:39:48,775: download_one() 'Bing: Queue populated with 2 URLs'
INFO: 2022-05-26 11:39:48,775: save_locally() 'Origin URL: https://www.bing.com/search?q=albion+falls+hamilton+ontario&form=hpcapt&filters=HpDate%3a%2220220521_0700%22'
INFO: 2022-05-26 11:39:48,775: save_locally() 'Image URL: https://www.bing.com/th?id=OHR.AlbionFalls_EN-US5365811607_1920x1080.jpg&rf=LaDigue_1920x1080.jpg&pid=hp'
INFO: 2022-05-26 11:39:48,775: save_locally() 'Local path: /home/tommi/.config/variety/Downloaded/Bing/OHR.AlbionFalls_EN-US5365811607_1920x1080.jpg'
INFO: 2022-05-26 11:39:48,950: save_locally() 'Download complete'
INFO: 2022-05-26 11:39:48,950: update_indicator() 'Setting file info to: /usr/share/wallpapers/garuda-wallpapers/Ghosts.jpg
/usr/share/wallpapers/garuda-wallpapers/Ghosts.jpg'
INFO: 2022-05-26 11:39:48,950: list_files() 'More than 1 files in the folders, stop listing'
INFO: 2022-05-26 11:39:48,950: download_one_from() 'Adding downloaded file /home/tommi/.config/variety/Downloaded/Bing/OHR.AlbionFalls_EN-US5365811607_1920x1080.jpg to unseen_downloads'
INFO: 2022-05-26 11:39:49,952: get_throttling() 'Flickr: parsing serverside options'
INFO: 2022-05-26 11:39:49,952: get_throttling() 'Flickr serverside options: {'min_fill_queue_interval': 1200, 'min_download_interval': 1200}'
INFO: 2022-05-26 11:39:49,952: get_throttling() 'Flickr: parsing serverside options'
INFO: 2022-05-26 11:39:49,952: get_throttling() 'Flickr serverside options: {'min_fill_queue_interval': 1200, 'min_download_interval': 1200}'
INFO: 2022-05-26 11:39:49,952: download_one() 'Flickr: Downloading an image, config: user:www.flickr.com/photos/peter-levi/;user_id:93647178@N00;'
INFO: 2022-05-26 11:39:49,952: download_one() 'Flickr: Queue size: 75'
INFO: 2022-05-26 11:39:49,952: download_one() 'Flickr: Queue populated with 75 URLs'
INFO: 2022-05-26 11:39:49,952: save_locally() 'Origin URL: https://www.flickr.com/photos/93647178@N00/7527939300'
INFO: 2022-05-26 11:39:49,952: save_locally() 'Image URL: https://live.staticflickr.com/7129/7527939300_a331fe7166_o.jpg'
INFO: 2022-05-26 11:39:49,952: save_locally() 'Local path: /home/tommi/.config/variety/Downloaded/flickr_user_www_flickr_com_photos_peter_levi__user_id_93647178_N00_/7527939300_a331fe7166_o.jpg'
INFO: 2022-05-26 11:39:50,049: save_locally() 'Download complete'
INFO: 2022-05-26 11:39:50,049: update_indicator() 'Setting file info to: /usr/share/wallpapers/garuda-wallpapers/Ghosts.jpg
/usr/share/wallpapers/garuda-wallpapers/Ghosts.jpg'
INFO: 2022-05-26 11:39:50,050: list_files() 'More than 1 files in the folders, stop listing'
INFO: 2022-05-26 11:39:50,050: download_one_from() 'Adding downloaded file /home/tommi/.config/variety/Downloaded/flickr_user_www_flickr_com_photos_peter_levi__user_id_93647178_N00_/7527939300_a331fe7166_o.jpg to unseen_downloads'
INFO: 2022-05-26 11:39:51,050: get_throttling() 'Bing: parsing serverside options'
INFO: 2022-05-26 11:39:51,051: get_throttling() 'Could not parse Bing serverside options, using defaults None, None'
INFO: 2022-05-26 11:39:51,051: get_throttling() 'Bing: parsing serverside options'
INFO: 2022-05-26 11:39:51,051: get_throttling() 'Could not parse Bing serverside options, using defaults None, None'
INFO: 2022-05-26 11:39:51,051: download_one() 'Bing: Downloading an image, config: None'
INFO: 2022-05-26 11:39:51,051: download_one() 'Bing: Queue size: 1'
INFO: 2022-05-26 11:39:51,051: download_one() 'Bing: Queue populated with 1 URLs'
INFO: 2022-05-26 11:39:51,051: save_locally() 'Origin URL: https://www.bing.com/search?q=kornati+national+park&form=hpcapt&filters=HpDate%3a%2220220524_0700%22'
INFO: 2022-05-26 11:39:51,051: save_locally() 'Image URL: https://www.bing.com/th?id=OHR.KornatiNP_EN-US0453245326_1920x1080.jpg&rf=LaDigue_1920x1080.jpg&pid=hp'
INFO: 2022-05-26 11:39:51,051: save_locally() 'Local path: /home/tommi/.config/variety/Downloaded/Bing/OHR.KornatiNP_EN-US0453245326_1920x1080.jpg'
INFO: 2022-05-26 11:39:51,227: save_locally() 'Download complete'
INFO: 2022-05-26 11:39:51,227: update_indicator() 'Setting file info to: /usr/share/wallpapers/garuda-wallpapers/Ghosts.jpg
/usr/share/wallpapers/garuda-wallpapers/Ghosts.jpg'
INFO: 2022-05-26 11:39:51,227: list_files() 'More than 1 files in the folders, stop listing'
INFO: 2022-05-26 11:39:51,227: download_one_from() 'Adding downloaded file /home/tommi/.config/variety/Downloaded/Bing/OHR.KornatiNP_EN-US0453245326_1920x1080.jpg to unseen_downloads'
INFO: 2022-05-26 11:39:52,229: get_throttling() 'Flickr: parsing serverside options'
INFO: 2022-05-26 11:39:52,229: get_throttling() 'Flickr serverside options: {'min_fill_queue_interval': 1200, 'min_download_interval': 1200}'
INFO: 2022-05-26 11:39:52,229: get_throttling() 'Flickr: parsing serverside options'
INFO: 2022-05-26 11:39:52,229: get_throttling() 'Flickr serverside options: {'min_fill_queue_interval': 1200, 'min_download_interval': 1200}'
INFO: 2022-05-26 11:39:52,229: download_one() 'Flickr: Downloading an image, config: user:www.flickr.com/photos/peter-levi/;user_id:93647178@N00;'
INFO: 2022-05-26 11:39:52,229: download_one() 'Flickr: Queue size: 74'
INFO: 2022-05-26 11:39:52,229: download_one() 'Flickr: Queue populated with 74 URLs'
INFO: 2022-05-26 11:39:52,229: save_locally() 'Origin URL: https://www.flickr.com/photos/93647178@N00/7527891850'
INFO: 2022-05-26 11:39:52,229: save_locally() 'Image URL: https://live.staticflickr.com/7252/7527891850_8c1016ec86_o.jpg'
INFO: 2022-05-26 11:39:52,229: save_locally() 'Local path: /home/tommi/.config/variety/Downloaded/flickr_user_www_flickr_com_photos_peter_levi__user_id_93647178_N00_/7527891850_8c1016ec86_o.jpg'
INFO: 2022-05-26 11:39:52,372: save_locally() 'Download complete'
INFO: 2022-05-26 11:39:52,372: update_indicator() 'Setting file info to: /usr/share/wallpapers/garuda-wallpapers/Ghosts.jpg
/usr/share/wallpapers/garuda-wallpapers/Ghosts.jpg'
INFO: 2022-05-26 11:39:52,372: list_files() 'More than 1 files in the folders, stop listing'
INFO: 2022-05-26 11:39:52,373: download_one_from() 'Adding downloaded file /home/tommi/.config/variety/Downloaded/flickr_user_www_flickr_com_photos_peter_levi__user_id_93647178_N00_/7527891850_8c1016ec86_o.jpg to unseen_downloads'
INFO: 2022-05-26 11:39:53,374: get_throttling() 'Bing: parsing serverside options'
INFO: 2022-05-26 11:39:53,374: get_throttling() 'Could not parse Bing serverside options, using defaults None, None'
INFO: 2022-05-26 11:39:53,374: get_throttling() 'Bing: parsing serverside options'
INFO: 2022-05-26 11:39:53,375: get_throttling() 'Could not parse Bing serverside options, using defaults None, None'
INFO: 2022-05-26 11:39:53,375: download_one() 'Bing: Downloading an image, config: None'
INFO: 2022-05-26 11:39:53,375: download_one() 'Bing: Queue size: 0'
INFO: 2022-05-26 11:39:53,375: get_throttling() 'Bing: parsing serverside options'
INFO: 2022-05-26 11:39:53,375: get_throttling() 'Could not parse Bing serverside options, using defaults None, None'
INFO: 2022-05-26 11:39:53,375: download_one() 'Bing: Filling queue'
INFO: 2022-05-26 11:39:53,527: download_one() 'Bing: Queue populated with 8 URLs'
INFO: 2022-05-26 11:39:53,527: save_locally() 'Origin URL: https://www.bing.com/search?q=world+turtle+day&form=hpcapt&filters=HpDate%3a%2220220523_0700%22'
INFO: 2022-05-26 11:39:53,527: save_locally() 'Image URL: https://www.bing.com/th?id=OHR.RedBellied_EN-US7363239921_1920x1080.jpg&rf=LaDigue_1920x1080.jpg&pid=hp'
INFO: 2022-05-26 11:39:53,527: save_locally() 'Local path: /home/tommi/.config/variety/Downloaded/Bing/OHR.RedBellied_EN-US7363239921_1920x1080.jpg'
INFO: 2022-05-26 11:39:53,527: save_locally() 'File already exists, skip downloading'
INFO: 2022-05-26 11:39:54,527: get_throttling() 'Flickr: parsing serverside options'
INFO: 2022-05-26 11:39:54,528: get_throttling() 'Flickr serverside options: {'min_fill_queue_interval': 1200, 'min_download_interval': 1200}'
INFO: 2022-05-26 11:39:54,528: get_throttling() 'Flickr: parsing serverside options'
INFO: 2022-05-26 11:39:54,528: get_throttling() 'Flickr serverside options: {'min_fill_queue_interval': 1200, 'min_download_interval': 1200}'
INFO: 2022-05-26 11:39:54,528: download_one() 'Flickr: Downloading an image, config: user:www.flickr.com/photos/peter-levi/;user_id:93647178@N00;'
INFO: 2022-05-26 11:39:54,528: download_one() 'Flickr: Queue size: 73'
INFO: 2022-05-26 11:39:54,528: download_one() 'Flickr: Queue populated with 73 URLs'
INFO: 2022-05-26 11:39:54,528: save_locally() 'Origin URL: https://www.flickr.com/photos/93647178@N00/7527956106'
INFO: 2022-05-26 11:39:54,528: save_locally() 'Image URL: https://live.staticflickr.com/7137/7527956106_dedccb1439_o.jpg'
INFO: 2022-05-26 11:39:54,528: save_locally() 'Local path: /home/tommi/.config/variety/Downloaded/flickr_user_www_flickr_com_photos_peter_levi__user_id_93647178_N00_/7527956106_dedccb1439_o.jpg'
INFO: 2022-05-26 11:39:54,692: save_locally() 'Download complete'
INFO: 2022-05-26 11:39:54,692: update_indicator() 'Setting file info to: /usr/share/wallpapers/garuda-wallpapers/Ghosts.jpg
/usr/share/wallpapers/garuda-wallpapers/Ghosts.jpg'
INFO: 2022-05-26 11:39:54,692: list_files() 'More than 1 files in the folders, stop listing'
INFO: 2022-05-26 11:39:54,693: download_one_from() 'Adding downloaded file /home/tommi/.config/variety/Downloaded/flickr_user_www_flickr_com_photos_peter_levi__user_id_93647178_N00_/7527956106_dedccb1439_o.jpg to unseen_downloads'
INFO: 2022-05-26 11:39:55,694: get_throttling() 'Flickr: parsing serverside options'
INFO: 2022-05-26 11:39:55,694: get_throttling() 'Flickr serverside options: {'min_fill_queue_interval': 1200, 'min_download_interval': 1200}'
INFO: 2022-05-26 11:39:55,694: get_throttling() 'Flickr: parsing serverside options'
INFO: 2022-05-26 11:39:55,694: get_throttling() 'Flickr serverside options: {'min_fill_queue_interval': 1200, 'min_download_interval': 1200}'
INFO: 2022-05-26 11:39:55,694: download_one() 'Flickr: Downloading an image, config: user:www.flickr.com/photos/peter-levi/;user_id:93647178@N00;'
INFO: 2022-05-26 11:39:55,694: download_one() 'Flickr: Queue size: 72'
INFO: 2022-05-26 11:39:55,694: download_one() 'Flickr: Queue populated with 72 URLs'
INFO: 2022-05-26 11:39:55,694: save_locally() 'Origin URL: https://www.flickr.com/photos/93647178@N00/7527944884'
INFO: 2022-05-26 11:39:55,694: save_locally() 'Image URL: https://live.staticflickr.com/7125/7527944884_a91ec26a24_o.jpg'
INFO: 2022-05-26 11:39:55,694: save_locally() 'Local path: /home/tommi/.config/variety/Downloaded/flickr_user_www_flickr_com_photos_peter_levi__user_id_93647178_N00_/7527944884_a91ec26a24_o.jpg'
INFO: 2022-05-26 11:39:55,790: save_locally() 'Download complete'
INFO: 2022-05-26 11:39:55,791: update_indicator() 'Setting file info to: /usr/share/wallpapers/garuda-wallpapers/Ghosts.jpg
/usr/share/wallpapers/garuda-wallpapers/Ghosts.jpg'
INFO: 2022-05-26 11:39:55,791: list_files() 'More than 1 files in the folders, stop listing'
INFO: 2022-05-26 11:39:55,791: download_one_from() 'Adding downloaded file /home/tommi/.config/variety/Downloaded/flickr_user_www_flickr_com_photos_peter_levi__user_id_93647178_N00_/7527944884_a91ec26a24_o.jpg to unseen_downloads'
INFO: 2022-05-26 11:39:56,792: get_throttling() 'Flickr: parsing serverside options'
INFO: 2022-05-26 11:39:56,793: get_throttling() 'Flickr serverside options: {'min_fill_queue_interval': 1200, 'min_download_interval': 1200}'
INFO: 2022-05-26 11:39:56,793: get_throttling() 'Flickr: parsing serverside options'
INFO: 2022-05-26 11:39:56,793: get_throttling() 'Flickr serverside options: {'min_fill_queue_interval': 1200, 'min_download_interval': 1200}'
INFO: 2022-05-26 11:39:56,793: download_one() 'Flickr: Downloading an image, config: user:www.flickr.com/photos/peter-levi/;user_id:93647178@N00;'
INFO: 2022-05-26 11:39:56,793: download_one() 'Flickr: Queue size: 71'
INFO: 2022-05-26 11:39:56,793: download_one() 'Flickr: Queue populated with 71 URLs'
INFO: 2022-05-26 11:39:56,793: save_locally() 'Origin URL: https://www.flickr.com/photos/93647178@N00/7527938790'
INFO: 2022-05-26 11:39:56,793: save_locally() 'Image URL: https://live.staticflickr.com/7132/7527938790_ab2f5671e2_o.jpg'
INFO: 2022-05-26 11:39:56,793: save_locally() 'Local path: /home/tommi/.config/variety/Downloaded/flickr_user_www_flickr_com_photos_peter_levi__user_id_93647178_N00_/7527938790_ab2f5671e2_o.jpg'
INFO: 2022-05-26 11:39:56,878: save_locally() 'Download complete'
INFO: 2022-05-26 11:39:56,879: update_indicator() 'Setting file info to: /usr/share/wallpapers/garuda-wallpapers/Ghosts.jpg
/usr/share/wallpapers/garuda-wallpapers/Ghosts.jpg'
INFO: 2022-05-26 11:39:56,879: list_files() 'More than 1 files in the folders, stop listing'
INFO: 2022-05-26 11:39:56,879: download_one_from() 'Adding downloaded file /home/tommi/.config/variety/Downloaded/flickr_user_www_flickr_com_photos_peter_levi__user_id_93647178_N00_/7527938790_ab2f5671e2_o.jpg to unseen_downloads'
INFO: 2022-05-26 11:42:57,881: get_throttling() 'Unsplash.com: parsing serverside options'
INFO: 2022-05-26 11:42:57,881: get_throttling() 'Unsplash.com serverside options: {'min_fill_queue_interval': 3600, 'min_download_interval': 1800}'
INFO: 2022-05-26 11:42:57,881: get_throttling() 'Unsplash.com: parsing serverside options'
INFO: 2022-05-26 11:42:57,881: get_throttling() 'Unsplash.com serverside options: {'min_fill_queue_interval': 3600, 'min_download_interval': 1800}'
INFO: 2022-05-26 11:42:57,881: download_one() 'Unsplash.com: Downloading an image, config: None'
INFO: 2022-05-26 11:42:57,881: download_one() 'Unsplash.com: Queue size: 0'
INFO: 2022-05-26 11:42:57,881: get_throttling() 'Unsplash.com: parsing serverside options'
INFO: 2022-05-26 11:42:57,881: get_throttling() 'Unsplash.com serverside options: {'min_fill_queue_interval': 3600, 'min_download_interval': 1800}'
INFO: 2022-05-26 11:42:57,881: download_one() 'Unsplash.com: Queue empty, but max_queue_fills_per_hour of 1 reached, will try again later'
INFO: 2022-05-26 11:42:58,881: get_throttling() 'NASA Astro Pic of the Day: parsing serverside options'
INFO: 2022-05-26 11:42:58,882: get_throttling() 'Could not parse NASA Astro Pic of the Day serverside options, using defaults None, None'
INFO: 2022-05-26 11:42:58,882: get_throttling() 'NASA Astro Pic of the Day: parsing serverside options'
INFO: 2022-05-26 11:42:58,882: get_throttling() 'Could not parse NASA Astro Pic of the Day serverside options, using defaults None, None'
INFO: 2022-05-26 11:42:58,882: download_one() 'NASA Astro Pic of the Day: Downloading an image, config: None'
INFO: 2022-05-26 11:42:58,882: download_one() 'NASA Astro Pic of the Day: Queue size: 726'
INFO: 2022-05-26 11:42:58,882: download_one() 'NASA Astro Pic of the Day: Queue populated with 726 URLs'
INFO: 2022-05-26 11:42:58,882: download_queue_item() 'APOD URL: https://apod.nasa.gov/apod/ap200606.html'
INFO: 2022-05-26 11:42:59,355: download_queue_item() 'Image URL: https://apod.nasa.gov/apod/image/2006/C2017T2_M81M82_May22_23_2020_DEBartlett.jpg'
INFO: 2022-05-26 11:42:59,355: save_locally() 'Origin URL: https://apod.nasa.gov/apod/ap200606.html'
INFO: 2022-05-26 11:42:59,355: save_locally() 'Image URL: https://apod.nasa.gov/apod/image/2006/C2017T2_M81M82_May22_23_2020_DEBartlett.jpg'
INFO: 2022-05-26 11:42:59,355: save_locally() 'Local path: /home/tommi/.config/variety/Downloaded/nasa_apod/C2017T2_M81M82_May22_23_2020_DEBartlett.jpg'
INFO: 2022-05-26 11:43:10,602: save_locally() 'Download complete'
INFO: 2022-05-26 11:43:10,602: update_indicator() 'Setting file info to: /usr/share/wallpapers/garuda-wallpapers/Ghosts.jpg
/usr/share/wallpapers/garuda-wallpapers/Ghosts.jpg'
INFO: 2022-05-26 11:43:10,602: list_files() 'More than 1 files in the folders, stop listing'
INFO: 2022-05-26 11:43:10,602: download_one_from() 'Adding downloaded file /home/tommi/.config/variety/Downloaded/nasa_apod/C2017T2_M81M82_May22_23_2020_DEBartlett.jpg to unseen_downloads'
INFO: 2022-05-26 11:43:11,604: get_throttling() 'NASA Astro Pic of the Day: parsing serverside options'
INFO: 2022-05-26 11:43:11,604: get_throttling() 'Could not parse NASA Astro Pic of the Day serverside options, using defaults None, None'
INFO: 2022-05-26 11:43:11,604: get_throttling() 'NASA Astro Pic of the Day: parsing serverside options'
INFO: 2022-05-26 11:43:11,604: get_throttling() 'Could not parse NASA Astro Pic of the Day serverside options, using defaults None, None'
INFO: 2022-05-26 11:43:11,604: download_one() 'NASA Astro Pic of the Day: Downloading an image, config: None'
INFO: 2022-05-26 11:43:11,604: download_one() 'NASA Astro Pic of the Day: Queue size: 725'
INFO: 2022-05-26 11:43:11,604: download_one() 'NASA Astro Pic of the Day: Queue populated with 725 URLs'
INFO: 2022-05-26 11:43:11,604: download_queue_item() 'APOD URL: https://apod.nasa.gov/apod/ap210808.html'
INFO: 2022-05-26 11:43:12,065: download_queue_item() 'Image URL: https://apod.nasa.gov/apod/image/2108/perseid_iss_4256.jpg'
INFO: 2022-05-26 11:43:12,065: save_locally() 'Origin URL: https://apod.nasa.gov/apod/ap210808.html'
INFO: 2022-05-26 11:43:12,065: save_locally() 'Image URL: https://apod.nasa.gov/apod/image/2108/perseid_iss_4256.jpg'
INFO: 2022-05-26 11:43:12,065: save_locally() 'Local path: /home/tommi/.config/variety/Downloaded/nasa_apod/perseid_iss_4256.jpg'
INFO: 2022-05-26 11:43:40,153: save_locally() 'Download failed from image URL: https://apod.nasa.gov/apod/image/2108/perseid_iss_4256.jpg (source location: https://apod.nasa.gov/apod/) '
ERROR: 2022-05-26 11:43:40,153: download_one_from() 'Could not download wallpaper:'
Traceback (most recent call last):
  File "/usr/lib/python3.10/site-packages/urllib3/response.py", line 441, in _error_catcher
    yield
  File "/usr/lib/python3.10/site-packages/urllib3/response.py", line 522, in read
    data = self._fp.read(amt) if not fp_closed else b""
  File "/usr/lib/python3.10/http/client.py", line 465, in read
    s = self.fp.read(amt)
  File "/usr/lib/python3.10/socket.py", line 705, in readinto
    return self._sock.recv_into(b)
  File "/usr/lib/python3.10/ssl.py", line 1273, in recv_into
    return self.read(nbytes, buffer)
  File "/usr/lib/python3.10/ssl.py", line 1129, in read
    return self._sslobj.read(len, buffer)
TimeoutError: The read operation timed out

During handling of the above exception, another exception occurred:

Traceback (most recent call last):
  File "/usr/lib/python3.10/site-packages/requests/models.py", line 760, in generate
    for chunk in self.raw.stream(chunk_size, decode_content=True):
  File "/usr/lib/python3.10/site-packages/urllib3/response.py", line 579, in stream
    data = self.read(amt=amt, decode_content=decode_content)
  File "/usr/lib/python3.10/site-packages/urllib3/response.py", line 515, in read
    with self._error_catcher():
  File "/usr/lib/python3.10/contextlib.py", line 153, in __exit__
    self.gen.throw(typ, value, traceback)
  File "/usr/lib/python3.10/site-packages/urllib3/response.py", line 446, in _error_catcher
    raise ReadTimeoutError(self._pool, None, "Read timed out.")
urllib3.exceptions.ReadTimeoutError: HTTPSConnectionPool(host='apod.nasa.gov', port=443): Read timed out.

During handling of the above exception, another exception occurred:

Traceback (most recent call last):
  File "/usr/lib/python3.10/site-packages/variety/VarietyWindow.py", line 1161, in download_one_from
    file = downloader.download_one()
  File "/usr/lib/python3.10/site-packages/variety/plugins/downloaders/DefaultDownloader.py", line 153, in download_one
    return self.download_queue_item(queue_item)
  File "/usr/lib/python3.10/site-packages/variety/plugins/builtin/downloaders/APODDownloader.py", line 89, in download_queue_item
    return self.save_locally(origin_url, img_url, source_location=self.ROOT_URL)
  File "/usr/lib/python3.10/site-packages/variety/plugins/downloaders/DefaultDownloader.py", line 244, in save_locally
    raise e
  File "/usr/lib/python3.10/site-packages/variety/plugins/downloaders/DefaultDownloader.py", line 237, in save_locally
    Util.request_write_to(r, f)
  File "/usr/lib/python3.10/site-packages/variety/Util.py", line 640, in request_write_to
    for chunk in r.iter_content(1024):
  File "/usr/lib/python3.10/site-packages/requests/models.py", line 767, in generate
    raise ConnectionError(e)
requests.exceptions.ConnectionError: HTTPSConnectionPool(host='apod.nasa.gov', port=443): Read timed out.
INFO: 2022-05-26 11:43:41,155: get_throttling() 'Bing: parsing serverside options'
INFO: 2022-05-26 11:43:41,155: get_throttling() 'Could not parse Bing serverside options, using defaults None, None'
INFO: 2022-05-26 11:43:41,155: get_throttling() 'Bing: parsing serverside options'
INFO: 2022-05-26 11:43:41,155: get_throttling() 'Could not parse Bing serverside options, using defaults None, None'
INFO: 2022-05-26 11:43:41,155: download_one() 'Bing: Downloading an image, config: None'
INFO: 2022-05-26 11:43:41,155: download_one() 'Bing: Queue size: 7'
INFO: 2022-05-26 11:43:41,155: download_one() 'Bing: Queue populated with 7 URLs'
INFO: 2022-05-26 11:43:41,155: save_locally() 'Origin URL: https://www.bing.com/search?q=albion+falls+hamilton+ontario&form=hpcapt&filters=HpDate%3a%2220220521_0700%22'
INFO: 2022-05-26 11:43:41,155: save_locally() 'Image URL: https://www.bing.com/th?id=OHR.AlbionFalls_EN-US5365811607_1920x1080.jpg&rf=LaDigue_1920x1080.jpg&pid=hp'
INFO: 2022-05-26 11:43:41,155: save_locally() 'Local path: /home/tommi/.config/variety/Downloaded/Bing/OHR.AlbionFalls_EN-US5365811607_1920x1080.jpg'
INFO: 2022-05-26 11:43:41,155: save_locally() 'File already exists, skip downloading'
INFO: 2022-05-26 11:44:09,192: regular_change_thread() 'regular_change changes wallpaper'
INFO: 2022-05-26 11:44:09,192: set_wallpaper() 'Calling set_wallpaper with /home/tommi/.config/variety/Downloaded/Bing/OHR.ZebraEgret_EN-US9268536963_1920x1080.jpg'
INFO: 2022-05-26 11:44:09,192: prepare_thread() 'Prepared buffer contains 97 images'
INFO: 2022-05-26 11:44:09,193: do_set_wp() 'Calling do_set_wp with /home/tommi/.config/variety/Downloaded/Bing/OHR.ZebraEgret_EN-US9268536963_1920x1080.jpg, time: 1653554649.1931717'
INFO: 2022-05-26 11:44:09,197: update_indicator() 'Setting file info to: /home/tommi/.config/variety/Downloaded/Bing/OHR.ZebraEgret_EN-US9268536963_1920x1080.jpg'
INFO: 2022-05-26 11:44:09,197: list_files() 'More than 1 files in the folders, stop listing'
INFO: 2022-05-26 11:44:11,192: trigger_download() 'Triggering download thread to check if download needed and possible'
INFO: 2022-05-26 11:44:11,193: get_throttling() 'Unsplash.com: parsing serverside options'
INFO: 2022-05-26 11:44:11,193: get_throttling() 'Unsplash.com serverside options: {'min_fill_queue_interval': 3600, 'min_download_interval': 1800}'
INFO: 2022-05-26 11:44:11,193: get_throttling() 'Unsplash.com: parsing serverside options'
INFO: 2022-05-26 11:44:11,193: get_throttling() 'Unsplash.com serverside options: {'min_fill_queue_interval': 3600, 'min_download_interval': 1800}'
INFO: 2022-05-26 11:44:11,193: download_one() 'Unsplash.com: Downloading an image, config: None'
INFO: 2022-05-26 11:44:11,193: download_one() 'Unsplash.com: Queue size: 0'
INFO: 2022-05-26 11:44:11,193: get_throttling() 'Unsplash.com: parsing serverside options'
INFO: 2022-05-26 11:44:11,193: get_throttling() 'Unsplash.com serverside options: {'min_fill_queue_interval': 3600, 'min_download_interval': 1800}'
INFO: 2022-05-26 11:44:11,193: download_one() 'Unsplash.com: Queue empty, but max_queue_fills_per_hour of 1 reached, will try again later'
INFO: 2022-05-26 11:44:11,193: trigger_download() 'Triggering download thread to check if download needed and possible'
INFO: 2022-05-26 11:47:12,194: get_throttling() 'Unsplash.com: parsing serverside options'
INFO: 2022-05-26 11:47:12,194: get_throttling() 'Unsplash.com serverside options: {'min_fill_queue_interval': 3600, 'min_download_interval': 1800}'
INFO: 2022-05-26 11:47:12,194: get_throttling() 'Unsplash.com: parsing serverside options'
INFO: 2022-05-26 11:47:12,194: get_throttling() 'Unsplash.com serverside options: {'min_fill_queue_interval': 3600, 'min_download_interval': 1800}'
INFO: 2022-05-26 11:47:12,194: download_one() 'Unsplash.com: Downloading an image, config: None'
INFO: 2022-05-26 11:47:12,194: download_one() 'Unsplash.com: Queue size: 0'
INFO: 2022-05-26 11:47:12,194: get_throttling() 'Unsplash.com: parsing serverside options'
INFO: 2022-05-26 11:47:12,194: get_throttling() 'Unsplash.com serverside options: {'min_fill_queue_interval': 3600, 'min_download_interval': 1800}'
INFO: 2022-05-26 11:47:12,194: download_one() 'Unsplash.com: Queue empty, but max_queue_fills_per_hour of 1 reached, will try again later'
INFO: 2022-05-26 11:47:13,194: get_throttling() 'NASA Astro Pic of the Day: parsing serverside options'
INFO: 2022-05-26 11:47:13,195: get_throttling() 'Could not parse NASA Astro Pic of the Day serverside options, using defaults None, None'
INFO: 2022-05-26 11:47:13,195: get_throttling() 'NASA Astro Pic of the Day: parsing serverside options'
INFO: 2022-05-26 11:47:13,195: get_throttling() 'Could not parse NASA Astro Pic of the Day serverside options, using defaults None, None'
INFO: 2022-05-26 11:47:13,195: download_one() 'NASA Astro Pic of the Day: Downloading an image, config: None'
INFO: 2022-05-26 11:47:13,195: download_one() 'NASA Astro Pic of the Day: Queue size: 724'
INFO: 2022-05-26 11:47:13,195: download_one() 'NASA Astro Pic of the Day: Queue populated with 724 URLs'
INFO: 2022-05-26 11:47:13,195: download_queue_item() 'APOD URL: https://apod.nasa.gov/apod/ap210805.html'
INFO: 2022-05-26 11:47:13,659: download_queue_item() 'Image URL: https://apod.nasa.gov/apod/image/2108/Luna-Tycho-Clavius-high.jpg'
INFO: 2022-05-26 11:47:13,659: save_locally() 'Origin URL: https://apod.nasa.gov/apod/ap210805.html'
INFO: 2022-05-26 11:47:13,659: save_locally() 'Image URL: https://apod.nasa.gov/apod/image/2108/Luna-Tycho-Clavius-high.jpg'
INFO: 2022-05-26 11:47:13,659: save_locally() 'Local path: /home/tommi/.config/variety/Downloaded/nasa_apod/Luna-Tycho-Clavius-high.jpg'
INFO: 2022-05-26 11:47:27,837: save_locally() 'Download complete'
INFO: 2022-05-26 11:47:27,837: update_indicator() 'Setting file info to: /home/tommi/.config/variety/Downloaded/Bing/OHR.ZebraEgret_EN-US9268536963_1920x1080.jpg'
INFO: 2022-05-26 11:47:27,837: list_files() 'More than 1 files in the folders, stop listing'
INFO: 2022-05-26 11:47:27,838: prepare_thread() 'Prepared buffer contains 97 images'
INFO: 2022-05-26 11:47:28,838: get_throttling() 'NASA Astro Pic of the Day: parsing serverside options'
INFO: 2022-05-26 11:47:28,839: get_throttling() 'Could not parse NASA Astro Pic of the Day serverside options, using defaults None, None'
INFO: 2022-05-26 11:47:28,839: get_throttling() 'NASA Astro Pic of the Day: parsing serverside options'
INFO: 2022-05-26 11:47:28,839: get_throttling() 'Could not parse NASA Astro Pic of the Day serverside options, using defaults None, None'
INFO: 2022-05-26 11:47:28,839: download_one() 'NASA Astro Pic of the Day: Downloading an image, config: None'
INFO: 2022-05-26 11:47:28,839: download_one() 'NASA Astro Pic of the Day: Queue size: 723'
INFO: 2022-05-26 11:47:28,839: download_one() 'NASA Astro Pic of the Day: Queue populated with 723 URLs'
INFO: 2022-05-26 11:47:28,839: download_queue_item() 'APOD URL: https://apod.nasa.gov/apod/ap220401.html'
INFO: 2022-05-26 11:47:29,320: download_queue_item() 'Image URL: https://apod.nasa.gov/apod/image/2204/sunspotsleaningtowerofpisa.jpg'
INFO: 2022-05-26 11:47:29,320: save_locally() 'Origin URL: https://apod.nasa.gov/apod/ap220401.html'
INFO: 2022-05-26 11:47:29,320: save_locally() 'Image URL: https://apod.nasa.gov/apod/image/2204/sunspotsleaningtowerofpisa.jpg'
INFO: 2022-05-26 11:47:29,320: save_locally() 'Local path: /home/tommi/.config/variety/Downloaded/nasa_apod/sunspotsleaningtowerofpisa.jpg'
INFO: 2022-05-26 11:47:29,838: trigger_download() 'Triggering download thread to check if download needed and possible'
INFO: 2022-05-26 11:47:30,441: save_locally() 'Download complete'
INFO: 2022-05-26 11:47:30,441: update_indicator() 'Setting file info to: /home/tommi/.config/variety/Downloaded/Bing/OHR.ZebraEgret_EN-US9268536963_1920x1080.jpg'
INFO: 2022-05-26 11:47:30,442: list_files() 'More than 1 files in the folders, stop listing'
INFO: 2022-05-26 11:47:30,442: prepare_thread() 'Prepared buffer contains 97 images'
INFO: 2022-05-26 11:47:31,443: get_throttling() 'NASA Astro Pic of the Day: parsing serverside options'
INFO: 2022-05-26 11:47:31,444: get_throttling() 'Could not parse NASA Astro Pic of the Day serverside options, using defaults None, None'
INFO: 2022-05-26 11:47:31,444: get_throttling() 'NASA Astro Pic of the Day: parsing serverside options'
INFO: 2022-05-26 11:47:31,444: get_throttling() 'Could not parse NASA Astro Pic of the Day serverside options, using defaults None, None'
INFO: 2022-05-26 11:47:31,444: download_one() 'NASA Astro Pic of the Day: Downloading an image, config: None'
INFO: 2022-05-26 11:47:31,444: download_one() 'NASA Astro Pic of the Day: Queue size: 722'
INFO: 2022-05-26 11:47:31,444: download_one() 'NASA Astro Pic of the Day: Queue populated with 722 URLs'
INFO: 2022-05-26 11:47:31,444: download_queue_item() 'APOD URL: https://apod.nasa.gov/apod/ap210915.html'
INFO: 2022-05-26 11:47:31,951: download_queue_item() 'Image URL: https://apod.nasa.gov/apod/image/2109/StormPaths_NHC_8000.jpg'
INFO: 2022-05-26 11:47:31,951: save_locally() 'Origin URL: https://apod.nasa.gov/apod/ap210915.html'
INFO: 2022-05-26 11:47:31,951: save_locally() 'Image URL: https://apod.nasa.gov/apod/image/2109/StormPaths_NHC_8000.jpg'
INFO: 2022-05-26 11:47:31,951: save_locally() 'Local path: /home/tommi/.config/variety/Downloaded/nasa_apod/StormPaths_NHC_8000.jpg'
INFO: 2022-05-26 11:47:32,442: trigger_download() 'Triggering download thread to check if download needed and possible'
INFO: 2022-05-26 11:48:15,476: save_locally() 'Download complete'
INFO: 2022-05-26 11:48:15,476: update_indicator() 'Setting file info to: /home/tommi/.config/variety/Downloaded/Bing/OHR.ZebraEgret_EN-US9268536963_1920x1080.jpg'
INFO: 2022-05-26 11:48:15,476: list_files() 'More than 1 files in the folders, stop listing'
INFO: 2022-05-26 11:48:15,477: download_one_from() 'Adding downloaded file /home/tommi/.config/variety/Downloaded/nasa_apod/StormPaths_NHC_8000.jpg to unseen_downloads'
INFO: 2022-05-26 11:48:16,477: get_throttling() 'Unsplash.com: parsing serverside options'
INFO: 2022-05-26 11:48:16,478: get_throttling() 'Unsplash.com serverside options: {'min_fill_queue_interval': 3600, 'min_download_interval': 1800}'
INFO: 2022-05-26 11:48:16,478: get_throttling() 'Unsplash.com: parsing serverside options'
INFO: 2022-05-26 11:48:16,478: get_throttling() 'Unsplash.com serverside options: {'min_fill_queue_interval': 3600, 'min_download_interval': 1800}'
INFO: 2022-05-26 11:48:16,478: download_one() 'Unsplash.com: Downloading an image, config: None'
INFO: 2022-05-26 11:48:16,478: download_one() 'Unsplash.com: Queue size: 0'
INFO: 2022-05-26 11:48:16,478: get_throttling() 'Unsplash.com: parsing serverside options'
INFO: 2022-05-26 11:48:16,478: get_throttling() 'Unsplash.com serverside options: {'min_fill_queue_interval': 3600, 'min_download_interval': 1800}'
INFO: 2022-05-26 11:48:16,478: download_one() 'Unsplash.com: Queue empty, but max_queue_fills_per_hour of 1 reached, will try again later'
INFO: 2022-05-26 11:48:17,479: get_throttling() 'NASA Astro Pic of the Day: parsing serverside options'
INFO: 2022-05-26 11:48:17,479: get_throttling() 'Could not parse NASA Astro Pic of the Day serverside options, using defaults None, None'
INFO: 2022-05-26 11:48:17,479: get_throttling() 'NASA Astro Pic of the Day: parsing serverside options'
INFO: 2022-05-26 11:48:17,479: get_throttling() 'Could not parse NASA Astro Pic of the Day serverside options, using defaults None, None'
INFO: 2022-05-26 11:48:17,479: download_one() 'NASA Astro Pic of the Day: Downloading an image, config: None'
INFO: 2022-05-26 11:48:17,479: download_one() 'NASA Astro Pic of the Day: Queue size: 721'
INFO: 2022-05-26 11:48:17,479: download_one() 'NASA Astro Pic of the Day: Queue populated with 721 URLs'
INFO: 2022-05-26 11:48:17,479: download_queue_item() 'APOD URL: https://apod.nasa.gov/apod/ap211210.html'
INFO: 2022-05-26 11:48:17,944: download_queue_item() 'Image URL: https://apod.nasa.gov/apod/image/2112/Eclipseclock-final2.JPG'
INFO: 2022-05-26 11:48:17,944: save_locally() 'Origin URL: https://apod.nasa.gov/apod/ap211210.html'
INFO: 2022-05-26 11:48:17,944: save_locally() 'Image URL: https://apod.nasa.gov/apod/image/2112/Eclipseclock-final2.JPG'
INFO: 2022-05-26 11:48:17,944: save_locally() 'Local path: /home/tommi/.config/variety/Downloaded/nasa_apod/Eclipseclock-final2.JPG'
INFO: 2022-05-26 11:48:22,289: save_locally() 'Download complete'
INFO: 2022-05-26 11:48:22,289: update_indicator() 'Setting file info to: /home/tommi/.config/variety/Downloaded/Bing/OHR.ZebraEgret_EN-US9268536963_1920x1080.jpg'
INFO: 2022-05-26 11:48:22,290: list_files() 'More than 1 files in the folders, stop listing'
INFO: 2022-05-26 11:48:22,290: download_one_from() 'Adding downloaded file /home/tommi/.config/variety/Downloaded/nasa_apod/Eclipseclock-final2.JPG to unseen_downloads'
INFO: 2022-05-26 11:48:23,290: get_throttling() 'NASA Astro Pic of the Day: parsing serverside options'
INFO: 2022-05-26 11:48:23,291: get_throttling() 'Could not parse NASA Astro Pic of the Day serverside options, using defaults None, None'
INFO: 2022-05-26 11:48:23,291: get_throttling() 'NASA Astro Pic of the Day: parsing serverside options'
INFO: 2022-05-26 11:48:23,291: get_throttling() 'Could not parse NASA Astro Pic of the Day serverside options, using defaults None, None'
INFO: 2022-05-26 11:48:23,291: download_one() 'NASA Astro Pic of the Day: Downloading an image, config: None'
INFO: 2022-05-26 11:48:23,291: download_one() 'NASA Astro Pic of the Day: Queue size: 720'
INFO: 2022-05-26 11:48:23,291: download_one() 'NASA Astro Pic of the Day: Queue populated with 720 URLs'
INFO: 2022-05-26 11:48:23,291: download_queue_item() 'APOD URL: https://apod.nasa.gov/apod/ap220323.html'
INFO: 2022-05-26 11:48:23,756: download_queue_item() 'Image URL: https://apod.nasa.gov/apod/image/2203/Bubble_HubbleOzsarac_1952.jpg'
INFO: 2022-05-26 11:48:23,756: save_locally() 'Origin URL: https://apod.nasa.gov/apod/ap220323.html'
INFO: 2022-05-26 11:48:23,757: save_locally() 'Image URL: https://apod.nasa.gov/apod/image/2203/Bubble_HubbleOzsarac_1952.jpg'
INFO: 2022-05-26 11:48:23,757: save_locally() 'Local path: /home/tommi/.config/variety/Downloaded/nasa_apod/Bubble_HubbleOzsarac_1952.jpg'
INFO: 2022-05-26 11:48:45,541: save_locally() 'Download complete'
INFO: 2022-05-26 11:48:45,542: update_indicator() 'Setting file info to: /home/tommi/.config/variety/Downloaded/Bing/OHR.ZebraEgret_EN-US9268536963_1920x1080.jpg'
INFO: 2022-05-26 11:48:45,542: list_files() 'More than 1 files in the folders, stop listing'
INFO: 2022-05-26 11:48:45,543: prepare_thread() 'Prepared buffer contains 97 images'
INFO: 2022-05-26 11:48:46,543: get_throttling() 'NASA Astro Pic of the Day: parsing serverside options'
INFO: 2022-05-26 11:48:46,544: get_throttling() 'Could not parse NASA Astro Pic of the Day serverside options, using defaults None, None'
INFO: 2022-05-26 11:48:46,544: get_throttling() 'NASA Astro Pic of the Day: parsing serverside options'
INFO: 2022-05-26 11:48:46,544: get_throttling() 'Could not parse NASA Astro Pic of the Day serverside options, using defaults None, None'
INFO: 2022-05-26 11:48:46,544: download_one() 'NASA Astro Pic of the Day: Downloading an image, config: None'
INFO: 2022-05-26 11:48:46,544: download_one() 'NASA Astro Pic of the Day: Queue size: 719'
INFO: 2022-05-26 11:48:46,544: download_one() 'NASA Astro Pic of the Day: Queue populated with 719 URLs'
INFO: 2022-05-26 11:48:46,544: download_queue_item() 'APOD URL: https://apod.nasa.gov/apod/ap210713.html'
INFO: 2022-05-26 11:48:47,009: download_queue_item() 'No image url found for this APOD URL'
INFO: 2022-05-26 11:48:47,543: trigger_download() 'Triggering download thread to check if download needed and possible'
INFO: 2022-05-26 11:48:48,010: get_throttling() 'Bing: parsing serverside options'
INFO: 2022-05-26 11:48:48,011: get_throttling() 'Could not parse Bing serverside options, using defaults None, None'
INFO: 2022-05-26 11:48:48,011: get_throttling() 'Bing: parsing serverside options'
INFO: 2022-05-26 11:48:48,011: get_throttling() 'Could not parse Bing serverside options, using defaults None, None'
INFO: 2022-05-26 11:48:48,011: download_one() 'Bing: Downloading an image, config: None'
INFO: 2022-05-26 11:48:48,011: download_one() 'Bing: Queue size: 6'
INFO: 2022-05-26 11:48:48,011: download_one() 'Bing: Queue populated with 6 URLs'
INFO: 2022-05-26 11:48:48,011: save_locally() 'Origin URL: https://www.bing.com/search?q=monteverde+cloud+forest+reserve+costa+rica&form=hpcapt&filters=HpDate%3a%2220220526_0700%22'
INFO: 2022-05-26 11:48:48,011: save_locally() 'Image URL: https://www.bing.com/th?id=OHR.Monteverde_EN-US9503031199_1920x1080.jpg&rf=LaDigue_1920x1080.jpg&pid=hp'
INFO: 2022-05-26 11:48:48,011: save_locally() 'Local path: /home/tommi/.config/variety/Downloaded/Bing/OHR.Monteverde_EN-US9503031199_1920x1080.jpg'
INFO: 2022-05-26 11:48:48,011: save_locally() 'File already exists, skip downloading'
INFO: 2022-05-26 11:49:09,213: regular_change_thread() 'regular_change changes wallpaper'
INFO: 2022-05-26 11:49:09,213: set_wallpaper() 'Calling set_wallpaper with /usr/share/wallpapers/garuda-wallpapers/Metall SGS.png'
INFO: 2022-05-26 11:49:09,213: prepare_thread() 'Prepared buffer contains 96 images'
INFO: 2022-05-26 11:49:09,213: do_set_wp() 'Calling do_set_wp with /usr/share/wallpapers/garuda-wallpapers/Metall SGS.png, time: 1653554949.213799'
INFO: 2022-05-26 11:49:09,217: update_indicator() 'Setting file info to: /usr/share/wallpapers/garuda-wallpapers/Metall SGS.png'
INFO: 2022-05-26 11:49:09,218: list_files() 'More than 1 files in the folders, stop listing'
INFO: 2022-05-26 11:49:11,214: trigger_download() 'Triggering download thread to check if download needed and possible'
INFO: 2022-05-26 11:52:11,214: get_throttling() 'Unsplash.com: parsing serverside options'
INFO: 2022-05-26 11:52:11,214: get_throttling() 'Unsplash.com serverside options: {'min_fill_queue_interval': 3600, 'min_download_interval': 1800}'
INFO: 2022-05-26 11:52:11,214: get_throttling() 'Unsplash.com: parsing serverside options'
INFO: 2022-05-26 11:52:11,214: get_throttling() 'Unsplash.com serverside options: {'min_fill_queue_interval': 3600, 'min_download_interval': 1800}'
INFO: 2022-05-26 11:52:11,214: download_one() 'Unsplash.com: Downloading an image, config: None'
INFO: 2022-05-26 11:52:11,214: download_one() 'Unsplash.com: Queue size: 0'
INFO: 2022-05-26 11:52:11,214: get_throttling() 'Unsplash.com: parsing serverside options'
INFO: 2022-05-26 11:52:11,214: get_throttling() 'Unsplash.com serverside options: {'min_fill_queue_interval': 3600, 'min_download_interval': 1800}'
INFO: 2022-05-26 11:52:11,214: download_one() 'Unsplash.com: Queue empty, but max_queue_fills_per_hour of 1 reached, will try again later'
INFO: 2022-05-26 11:52:12,214: get_throttling() 'NASA Astro Pic of the Day: parsing serverside options'
INFO: 2022-05-26 11:52:12,215: get_throttling() 'Could not parse NASA Astro Pic of the Day serverside options, using defaults None, None'
INFO: 2022-05-26 11:52:12,215: get_throttling() 'NASA Astro Pic of the Day: parsing serverside options'
INFO: 2022-05-26 11:52:12,215: get_throttling() 'Could not parse NASA Astro Pic of the Day serverside options, using defaults None, None'
INFO: 2022-05-26 11:52:12,215: download_one() 'NASA Astro Pic of the Day: Downloading an image, config: None'
INFO: 2022-05-26 11:52:12,215: download_one() 'NASA Astro Pic of the Day: Queue size: 718'
INFO: 2022-05-26 11:52:12,215: download_one() 'NASA Astro Pic of the Day: Queue populated with 718 URLs'
INFO: 2022-05-26 11:52:12,215: download_queue_item() 'APOD URL: https://apod.nasa.gov/apod/ap210613.html'
INFO: 2022-05-26 11:52:12,694: download_queue_item() 'No image url found for this APOD URL'
INFO: 2022-05-26 11:52:13,695: get_throttling() 'Bing: parsing serverside options'
INFO: 2022-05-26 11:52:13,695: get_throttling() 'Could not parse Bing serverside options, using defaults None, None'
INFO: 2022-05-26 11:52:13,695: get_throttling() 'Bing: parsing serverside options'
INFO: 2022-05-26 11:52:13,695: get_throttling() 'Could not parse Bing serverside options, using defaults None, None'
INFO: 2022-05-26 11:52:13,695: download_one() 'Bing: Downloading an image, config: None'
INFO: 2022-05-26 11:52:13,695: download_one() 'Bing: Queue size: 5'
INFO: 2022-05-26 11:52:13,695: download_one() 'Bing: Queue populated with 5 URLs'
INFO: 2022-05-26 11:52:13,695: save_locally() 'Origin URL: https://www.bing.com/search?q=alhambra+palace+and+fortress+spain&form=hpcapt&filters=HpDate%3a%2220220525_0700%22'
INFO: 2022-05-26 11:52:13,695: save_locally() 'Image URL: https://www.bing.com/th?id=OHR.Alhambra_EN-US9442124079_1920x1080.jpg&rf=LaDigue_1920x1080.jpg&pid=hp'
INFO: 2022-05-26 11:52:13,695: save_locally() 'Local path: /home/tommi/.config/variety/Downloaded/Bing/OHR.Alhambra_EN-US9442124079_1920x1080.jpg'
INFO: 2022-05-26 11:52:13,695: save_locally() 'File already exists, skip downloading'
INFO: 2022-05-26 11:54:09,234: regular_change_thread() 'regular_change changes wallpaper'
INFO: 2022-05-26 11:54:09,234: set_wallpaper() 'Calling set_wallpaper with /home/tommi/.config/variety/Downloaded/flickr_user_www_flickr_com_photos_peter_levi__user_id_93647178_N00_/7527828096_f8dee24005_o.jpg'
INFO: 2022-05-26 11:54:09,234: prepare_thread() 'Prepared buffer contains 96 images'
INFO: 2022-05-26 11:54:09,234: do_set_wp() 'Calling do_set_wp with /home/tommi/.config/variety/Downloaded/flickr_user_www_flickr_com_photos_peter_levi__user_id_93647178_N00_/7527828096_f8dee24005_o.jpg, time: 1653555249.2348385'
INFO: 2022-05-26 11:54:09,238: update_indicator() 'Setting file info to: /home/tommi/.config/variety/Downloaded/flickr_user_www_flickr_com_photos_peter_levi__user_id_93647178_N00_/7527828096_f8dee24005_o.jpg'
INFO: 2022-05-26 11:54:09,240: list_files() 'More than 1 files in the folders, stop listing'
INFO: 2022-05-26 11:54:11,234: trigger_download() 'Triggering download thread to check if download needed and possible'
INFO: 2022-05-26 11:54:11,234: trigger_download() 'Triggering download thread to check if download needed and possible'
INFO: 2022-05-26 11:54:11,235: get_throttling() 'Unsplash.com: parsing serverside options'
INFO: 2022-05-26 11:54:11,235: get_throttling() 'Unsplash.com serverside options: {'min_fill_queue_interval': 3600, 'min_download_interval': 1800}'
INFO: 2022-05-26 11:54:11,235: get_throttling() 'Unsplash.com: parsing serverside options'
INFO: 2022-05-26 11:54:11,235: get_throttling() 'Unsplash.com serverside options: {'min_fill_queue_interval': 3600, 'min_download_interval': 1800}'
INFO: 2022-05-26 11:54:11,235: download_one() 'Unsplash.com: Downloading an image, config: None'
INFO: 2022-05-26 11:54:11,235: download_one() 'Unsplash.com: Queue size: 0'
INFO: 2022-05-26 11:54:11,235: get_throttling() 'Unsplash.com: parsing serverside options'
INFO: 2022-05-26 11:54:11,235: get_throttling() 'Unsplash.com serverside options: {'min_fill_queue_interval': 3600, 'min_download_interval': 1800}'
INFO: 2022-05-26 11:54:11,235: download_one() 'Unsplash.com: Queue empty, but max_queue_fills_per_hour of 1 reached, will try again later'
INFO: 2022-05-26 11:54:12,236: get_throttling() 'NASA Astro Pic of the Day: parsing serverside options'
INFO: 2022-05-26 11:54:12,236: get_throttling() 'Could not parse NASA Astro Pic of the Day serverside options, using defaults None, None'
INFO: 2022-05-26 11:54:12,236: get_throttling() 'NASA Astro Pic of the Day: parsing serverside options'
INFO: 2022-05-26 11:54:12,236: get_throttling() 'Could not parse NASA Astro Pic of the Day serverside options, using defaults None, None'
INFO: 2022-05-26 11:54:12,236: download_one() 'NASA Astro Pic of the Day: Downloading an image, config: None'
INFO: 2022-05-26 11:54:12,236: download_one() 'NASA Astro Pic of the Day: Queue size: 717'
INFO: 2022-05-26 11:54:12,236: download_one() 'NASA Astro Pic of the Day: Queue populated with 717 URLs'
INFO: 2022-05-26 11:54:12,236: download_queue_item() 'APOD URL: https://apod.nasa.gov/apod/ap210916.html'
INFO: 2022-05-26 11:54:12,711: download_queue_item() 'Image URL: https://apod.nasa.gov/apod/image/2109/NGC7000_SHO_AndrewKlinger_res65_sig.jpg'
INFO: 2022-05-26 11:54:12,711: save_locally() 'Origin URL: https://apod.nasa.gov/apod/ap210916.html'
INFO: 2022-05-26 11:54:12,711: save_locally() 'Image URL: https://apod.nasa.gov/apod/image/2109/NGC7000_SHO_AndrewKlinger_res65_sig.jpg'
INFO: 2022-05-26 11:54:12,711: save_locally() 'Local path: /home/tommi/.config/variety/Downloaded/nasa_apod/NGC7000_SHO_AndrewKlinger_res65_sig.jpg'
INFO: 2022-05-26 11:54:33,780: save_locally() 'Download failed from image URL: https://apod.nasa.gov/apod/image/2109/NGC7000_SHO_AndrewKlinger_res65_sig.jpg (source location: https://apod.nasa.gov/apod/) '
ERROR: 2022-05-26 11:54:33,780: download_one_from() 'Could not download wallpaper:'
Traceback (most recent call last):
  File "/usr/lib/python3.10/site-packages/urllib3/response.py", line 441, in _error_catcher
    yield
  File "/usr/lib/python3.10/site-packages/urllib3/response.py", line 522, in read
    data = self._fp.read(amt) if not fp_closed else b""
  File "/usr/lib/python3.10/http/client.py", line 465, in read
    s = self.fp.read(amt)
  File "/usr/lib/python3.10/socket.py", line 705, in readinto
    return self._sock.recv_into(b)
  File "/usr/lib/python3.10/ssl.py", line 1273, in recv_into
    return self.read(nbytes, buffer)
  File "/usr/lib/python3.10/ssl.py", line 1129, in read
    return self._sslobj.read(len, buffer)
TimeoutError: The read operation timed out

During handling of the above exception, another exception occurred:

Traceback (most recent call last):
  File "/usr/lib/python3.10/site-packages/requests/models.py", line 760, in generate
    for chunk in self.raw.stream(chunk_size, decode_content=True):
  File "/usr/lib/python3.10/site-packages/urllib3/response.py", line 579, in stream
    data = self.read(amt=amt, decode_content=decode_content)
  File "/usr/lib/python3.10/site-packages/urllib3/response.py", line 515, in read
    with self._error_catcher():
  File "/usr/lib/python3.10/contextlib.py", line 153, in __exit__
    self.gen.throw(typ, value, traceback)
  File "/usr/lib/python3.10/site-packages/urllib3/response.py", line 446, in _error_catcher
    raise ReadTimeoutError(self._pool, None, "Read timed out.")
urllib3.exceptions.ReadTimeoutError: HTTPSConnectionPool(host='apod.nasa.gov', port=443): Read timed out.

During handling of the above exception, another exception occurred:

Traceback (most recent call last):
  File "/usr/lib/python3.10/site-packages/variety/VarietyWindow.py", line 1161, in download_one_from
    file = downloader.download_one()
  File "/usr/lib/python3.10/site-packages/variety/plugins/downloaders/DefaultDownloader.py", line 153, in download_one
    return self.download_queue_item(queue_item)
  File "/usr/lib/python3.10/site-packages/variety/plugins/builtin/downloaders/APODDownloader.py", line 89, in download_queue_item
    return self.save_locally(origin_url, img_url, source_location=self.ROOT_URL)
  File "/usr/lib/python3.10/site-packages/variety/plugins/downloaders/DefaultDownloader.py", line 244, in save_locally
    raise e
  File "/usr/lib/python3.10/site-packages/variety/plugins/downloaders/DefaultDownloader.py", line 237, in save_locally
    Util.request_write_to(r, f)
  File "/usr/lib/python3.10/site-packages/variety/Util.py", line 640, in request_write_to
    for chunk in r.iter_content(1024):
  File "/usr/lib/python3.10/site-packages/requests/models.py", line 767, in generate
    raise ConnectionError(e)
requests.exceptions.ConnectionError: HTTPSConnectionPool(host='apod.nasa.gov', port=443): Read timed out.
INFO: 2022-05-26 11:54:34,782: get_throttling() 'Bing: parsing serverside options'
INFO: 2022-05-26 11:54:34,782: get_throttling() 'Could not parse Bing serverside options, using defaults None, None'
INFO: 2022-05-26 11:54:34,782: get_throttling() 'Bing: parsing serverside options'
INFO: 2022-05-26 11:54:34,782: get_throttling() 'Could not parse Bing serverside options, using defaults None, None'
INFO: 2022-05-26 11:54:34,782: download_one() 'Bing: Downloading an image, config: None'
INFO: 2022-05-26 11:54:34,782: download_one() 'Bing: Queue size: 4'
INFO: 2022-05-26 11:54:34,782: download_one() 'Bing: Queue populated with 4 URLs'
INFO: 2022-05-26 11:54:34,782: save_locally() 'Origin URL: https://www.bing.com/search?q=International+Day+for+Biological+Diversity&form=hpcapt&filters=HpDate%3a%2220220522_0700%22'
INFO: 2022-05-26 11:54:34,782: save_locally() 'Image URL: https://www.bing.com/th?id=OHR.ZebraEgret_EN-US9268536963_1920x1080.jpg&rf=LaDigue_1920x1080.jpg&pid=hp'
INFO: 2022-05-26 11:54:34,782: save_locally() 'Local path: /home/tommi/.config/variety/Downloaded/Bing/OHR.ZebraEgret_EN-US9268536963_1920x1080.jpg'
INFO: 2022-05-26 11:54:34,782: save_locally() 'File already exists, skip downloading'
INFO: 2022-05-26 11:54:35,784: get_throttling() 'Flickr: parsing serverside options'
INFO: 2022-05-26 11:54:35,784: get_throttling() 'Flickr serverside options: {'min_fill_queue_interval': 1200, 'min_download_interval': 1200}'
INFO: 2022-05-26 11:54:35,784: get_throttling() 'Flickr: parsing serverside options'
INFO: 2022-05-26 11:54:35,784: get_throttling() 'Flickr serverside options: {'min_fill_queue_interval': 1200, 'min_download_interval': 1200}'
INFO: 2022-05-26 11:54:35,784: download_one() 'Flickr: Downloading an image, config: user:www.flickr.com/photos/peter-levi/;user_id:93647178@N00;'
INFO: 2022-05-26 11:54:35,784: download_one() 'Flickr: Queue size: 70'
INFO: 2022-05-26 11:54:35,784: download_one() 'Flickr: Queue populated with 70 URLs'
INFO: 2022-05-26 11:54:35,784: save_locally() 'Origin URL: https://www.flickr.com/photos/93647178@N00/7527892752'
INFO: 2022-05-26 11:54:35,784: save_locally() 'Image URL: https://live.staticflickr.com/7269/7527892752_3df66535f6_o.jpg'
INFO: 2022-05-26 11:54:35,784: save_locally() 'Local path: /home/tommi/.config/variety/Downloaded/flickr_user_www_flickr_com_photos_peter_levi__user_id_93647178_N00_/7527892752_3df66535f6_o.jpg'
INFO: 2022-05-26 11:54:35,907: save_locally() 'Download complete'
INFO: 2022-05-26 11:54:35,907: update_indicator() 'Setting file info to: /home/tommi/.config/variety/Downloaded/flickr_user_www_flickr_com_photos_peter_levi__user_id_93647178_N00_/7527828096_f8dee24005_o.jpg'
INFO: 2022-05-26 11:54:35,908: list_files() 'More than 1 files in the folders, stop listing'
INFO: 2022-05-26 11:54:35,909: download_one_from() 'Adding downloaded file /home/tommi/.config/variety/Downloaded/flickr_user_www_flickr_com_photos_peter_levi__user_id_93647178_N00_/7527892752_3df66535f6_o.jpg to unseen_downloads'
INFO: 2022-05-26 11:57:36,910: get_throttling() 'Unsplash.com: parsing serverside options'
INFO: 2022-05-26 11:57:36,910: get_throttling() 'Unsplash.com serverside options: {'min_fill_queue_interval': 3600, 'min_download_interval': 1800}'
INFO: 2022-05-26 11:57:36,910: get_throttling() 'Unsplash.com: parsing serverside options'
INFO: 2022-05-26 11:57:36,910: get_throttling() 'Unsplash.com serverside options: {'min_fill_queue_interval': 3600, 'min_download_interval': 1800}'
INFO: 2022-05-26 11:57:36,910: download_one() 'Unsplash.com: Downloading an image, config: None'
INFO: 2022-05-26 11:57:36,910: download_one() 'Unsplash.com: Queue size: 0'
INFO: 2022-05-26 11:57:36,911: get_throttling() 'Unsplash.com: parsing serverside options'
INFO: 2022-05-26 11:57:36,911: get_throttling() 'Unsplash.com serverside options: {'min_fill_queue_interval': 3600, 'min_download_interval': 1800}'
INFO: 2022-05-26 11:57:36,911: download_one() 'Unsplash.com: Queue empty, but max_queue_fills_per_hour of 1 reached, will try again later'
INFO: 2022-05-26 11:57:37,911: get_throttling() 'NASA Astro Pic of the Day: parsing serverside options'
INFO: 2022-05-26 11:57:37,912: get_throttling() 'Could not parse NASA Astro Pic of the Day serverside options, using defaults None, None'
INFO: 2022-05-26 11:57:37,912: get_throttling() 'NASA Astro Pic of the Day: parsing serverside options'
INFO: 2022-05-26 11:57:37,912: get_throttling() 'Could not parse NASA Astro Pic of the Day serverside options, using defaults None, None'
INFO: 2022-05-26 11:57:37,912: download_one() 'NASA Astro Pic of the Day: Downloading an image, config: None'
INFO: 2022-05-26 11:57:37,912: download_one() 'NASA Astro Pic of the Day: Queue size: 716'
INFO: 2022-05-26 11:57:37,912: download_one() 'NASA Astro Pic of the Day: Queue populated with 716 URLs'
INFO: 2022-05-26 11:57:37,912: download_queue_item() 'APOD URL: https://apod.nasa.gov/apod/ap220124.html'
INFO: 2022-05-26 11:57:38,370: download_queue_item() 'Image URL: https://apod.nasa.gov/apod/image/2201/RigelWitchHead_Mtanous_2834.jpg'
INFO: 2022-05-26 11:57:38,370: save_locally() 'Origin URL: https://apod.nasa.gov/apod/ap220124.html'
INFO: 2022-05-26 11:57:38,370: save_locally() 'Image URL: https://apod.nasa.gov/apod/image/2201/RigelWitchHead_Mtanous_2834.jpg'
INFO: 2022-05-26 11:57:38,370: save_locally() 'Local path: /home/tommi/.config/variety/Downloaded/nasa_apod/RigelWitchHead_Mtanous_2834.jpg'
INFO: 2022-05-26 11:58:01,714: save_locally() 'Download failed from image URL: https://apod.nasa.gov/apod/image/2201/RigelWitchHead_Mtanous_2834.jpg (source location: https://apod.nasa.gov/apod/) '
ERROR: 2022-05-26 11:58:01,714: download_one_from() 'Could not download wallpaper:'
Traceback (most recent call last):
  File "/usr/lib/python3.10/site-packages/urllib3/response.py", line 441, in _error_catcher
    yield
  File "/usr/lib/python3.10/site-packages/urllib3/response.py", line 522, in read
    data = self._fp.read(amt) if not fp_closed else b""
  File "/usr/lib/python3.10/http/client.py", line 465, in read
    s = self.fp.read(amt)
  File "/usr/lib/python3.10/socket.py", line 705, in readinto
    return self._sock.recv_into(b)
  File "/usr/lib/python3.10/ssl.py", line 1273, in recv_into
    return self.read(nbytes, buffer)
  File "/usr/lib/python3.10/ssl.py", line 1129, in read
    return self._sslobj.read(len, buffer)
TimeoutError: The read operation timed out

During handling of the above exception, another exception occurred:

Traceback (most recent call last):
  File "/usr/lib/python3.10/site-packages/requests/models.py", line 760, in generate
    for chunk in self.raw.stream(chunk_size, decode_content=True):
  File "/usr/lib/python3.10/site-packages/urllib3/response.py", line 579, in stream
    data = self.read(amt=amt, decode_content=decode_content)
  File "/usr/lib/python3.10/site-packages/urllib3/response.py", line 515, in read
    with self._error_catcher():
  File "/usr/lib/python3.10/contextlib.py", line 153, in __exit__
    self.gen.throw(typ, value, traceback)
  File "/usr/lib/python3.10/site-packages/urllib3/response.py", line 446, in _error_catcher
    raise ReadTimeoutError(self._pool, None, "Read timed out.")
urllib3.exceptions.ReadTimeoutError: HTTPSConnectionPool(host='apod.nasa.gov', port=443): Read timed out.

During handling of the above exception, another exception occurred:

Traceback (most recent call last):
  File "/usr/lib/python3.10/site-packages/variety/VarietyWindow.py", line 1161, in download_one_from
    file = downloader.download_one()
  File "/usr/lib/python3.10/site-packages/variety/plugins/downloaders/DefaultDownloader.py", line 153, in download_one
    return self.download_queue_item(queue_item)
  File "/usr/lib/python3.10/site-packages/variety/plugins/builtin/downloaders/APODDownloader.py", line 89, in download_queue_item
    return self.save_locally(origin_url, img_url, source_location=self.ROOT_URL)
  File "/usr/lib/python3.10/site-packages/variety/plugins/downloaders/DefaultDownloader.py", line 244, in save_locally
    raise e
  File "/usr/lib/python3.10/site-packages/variety/plugins/downloaders/DefaultDownloader.py", line 237, in save_locally
    Util.request_write_to(r, f)
  File "/usr/lib/python3.10/site-packages/variety/Util.py", line 640, in request_write_to
    for chunk in r.iter_content(1024):
  File "/usr/lib/python3.10/site-packages/requests/models.py", line 767, in generate
    raise ConnectionError(e)
requests.exceptions.ConnectionError: HTTPSConnectionPool(host='apod.nasa.gov', port=443): Read timed out.
INFO: 2022-05-26 11:58:02,716: get_throttling() 'Bing: parsing serverside options'
INFO: 2022-05-26 11:58:02,716: get_throttling() 'Could not parse Bing serverside options, using defaults None, None'
INFO: 2022-05-26 11:58:02,716: get_throttling() 'Bing: parsing serverside options'
INFO: 2022-05-26 11:58:02,716: get_throttling() 'Could not parse Bing serverside options, using defaults None, None'
INFO: 2022-05-26 11:58:02,717: download_one() 'Bing: Downloading an image, config: None'
INFO: 2022-05-26 11:58:02,717: download_one() 'Bing: Queue size: 3'
INFO: 2022-05-26 11:58:02,717: download_one() 'Bing: Queue populated with 3 URLs'
INFO: 2022-05-26 11:58:02,717: save_locally() 'Origin URL: https://www.bing.com/search?q=kornati+national+park&form=hpcapt&filters=HpDate%3a%2220220524_0700%22'
INFO: 2022-05-26 11:58:02,717: save_locally() 'Image URL: https://www.bing.com/th?id=OHR.KornatiNP_EN-US0453245326_1920x1080.jpg&rf=LaDigue_1920x1080.jpg&pid=hp'
INFO: 2022-05-26 11:58:02,717: save_locally() 'Local path: /home/tommi/.config/variety/Downloaded/Bing/OHR.KornatiNP_EN-US0453245326_1920x1080.jpg'
INFO: 2022-05-26 11:58:02,718: save_locally() 'File already exists, skip downloading'
INFO: 2022-05-26 11:59:09,256: regular_change_thread() 'regular_change changes wallpaper'
INFO: 2022-05-26 11:59:09,256: set_wallpaper() 'Calling set_wallpaper with /home/tommi/.config/variety/Downloaded/flickr_user_www_flickr_com_photos_peter_levi__user_id_93647178_N00_/7527957322_67748c88de_o.jpg'
INFO: 2022-05-26 11:59:09,256: prepare_thread() 'Prepared buffer contains 96 images'
INFO: 2022-05-26 11:59:09,256: do_set_wp() 'Calling do_set_wp with /home/tommi/.config/variety/Downloaded/flickr_user_www_flickr_com_photos_peter_levi__user_id_93647178_N00_/7527957322_67748c88de_o.jpg, time: 1653555549.25663'
INFO: 2022-05-26 11:59:09,260: update_indicator() 'Setting file info to: /home/tommi/.config/variety/Downloaded/flickr_user_www_flickr_com_photos_peter_levi__user_id_93647178_N00_/7527957322_67748c88de_o.jpg'
INFO: 2022-05-26 11:59:09,262: list_files() 'More than 1 files in the folders, stop listing'
INFO: 2022-05-26 11:59:11,256: trigger_download() 'Triggering download thread to check if download needed and possible'
INFO: 2022-05-26 11:59:11,256: trigger_download() 'Triggering download thread to check if download needed and possible'
INFO: 2022-05-26 11:59:11,256: get_throttling() 'Unsplash.com: parsing serverside options'
INFO: 2022-05-26 11:59:11,256: get_throttling() 'Unsplash.com serverside options: {'min_fill_queue_interval': 3600, 'min_download_interval': 1800}'
INFO: 2022-05-26 11:59:11,256: get_throttling() 'Unsplash.com: parsing serverside options'
INFO: 2022-05-26 11:59:11,256: get_throttling() 'Unsplash.com serverside options: {'min_fill_queue_interval': 3600, 'min_download_interval': 1800}'
INFO: 2022-05-26 11:59:11,256: download_one() 'Unsplash.com: Downloading an image, config: None'
INFO: 2022-05-26 11:59:11,256: download_one() 'Unsplash.com: Queue size: 0'
INFO: 2022-05-26 11:59:11,256: get_throttling() 'Unsplash.com: parsing serverside options'
INFO: 2022-05-26 11:59:11,257: get_throttling() 'Unsplash.com serverside options: {'min_fill_queue_interval': 3600, 'min_download_interval': 1800}'
INFO: 2022-05-26 11:59:11,257: download_one() 'Unsplash.com: Queue empty, but max_queue_fills_per_hour of 1 reached, will try again later'
INFO: 2022-05-26 11:59:12,258: get_throttling() 'NASA Astro Pic of the Day: parsing serverside options'
INFO: 2022-05-26 11:59:12,258: get_throttling() 'Could not parse NASA Astro Pic of the Day serverside options, using defaults None, None'
INFO: 2022-05-26 11:59:12,258: get_throttling() 'NASA Astro Pic of the Day: parsing serverside options'
INFO: 2022-05-26 11:59:12,258: get_throttling() 'Could not parse NASA Astro Pic of the Day serverside options, using defaults None, None'
INFO: 2022-05-26 11:59:12,258: download_one() 'NASA Astro Pic of the Day: Downloading an image, config: None'
INFO: 2022-05-26 11:59:12,258: download_one() 'NASA Astro Pic of the Day: Queue size: 715'
INFO: 2022-05-26 11:59:12,258: download_one() 'NASA Astro Pic of the Day: Queue populated with 715 URLs'
INFO: 2022-05-26 11:59:12,258: download_queue_item() 'APOD URL: https://apod.nasa.gov/apod/ap200824.html'
INFO: 2022-05-26 11:59:12,739: download_queue_item() 'Image URL: https://apod.nasa.gov/apod/image/2008/HdrMoon_Claro_2000.jpg'
INFO: 2022-05-26 11:59:12,739: save_locally() 'Origin URL: https://apod.nasa.gov/apod/ap200824.html'
INFO: 2022-05-26 11:59:12,739: save_locally() 'Image URL: https://apod.nasa.gov/apod/image/2008/HdrMoon_Claro_2000.jpg'
INFO: 2022-05-26 11:59:12,739: save_locally() 'Local path: /home/tommi/.config/variety/Downloaded/nasa_apod/HdrMoon_Claro_2000.jpg'
INFO: 2022-05-26 11:59:21,740: save_locally() 'Download complete'
INFO: 2022-05-26 11:59:21,740: update_indicator() 'Setting file info to: /home/tommi/.config/variety/Downloaded/flickr_user_www_flickr_com_photos_peter_levi__user_id_93647178_N00_/7527957322_67748c88de_o.jpg'
INFO: 2022-05-26 11:59:21,741: list_files() 'More than 1 files in the folders, stop listing'
INFO: 2022-05-26 11:59:21,742: download_one_from() 'Adding downloaded file /home/tommi/.config/variety/Downloaded/nasa_apod/HdrMoon_Claro_2000.jpg to unseen_downloads'
INFO: 2022-05-26 11:59:22,743: get_throttling() 'NASA Astro Pic of the Day: parsing serverside options'
INFO: 2022-05-26 11:59:22,743: get_throttling() 'Could not parse NASA Astro Pic of the Day serverside options, using defaults None, None'
INFO: 2022-05-26 11:59:22,743: get_throttling() 'NASA Astro Pic of the Day: parsing serverside options'
INFO: 2022-05-26 11:59:22,743: get_throttling() 'Could not parse NASA Astro Pic of the Day serverside options, using defaults None, None'
INFO: 2022-05-26 11:59:22,743: download_one() 'NASA Astro Pic of the Day: Downloading an image, config: None'
INFO: 2022-05-26 11:59:22,743: download_one() 'NASA Astro Pic of the Day: Queue size: 714'
INFO: 2022-05-26 11:59:22,743: download_one() 'NASA Astro Pic of the Day: Queue populated with 714 URLs'
INFO: 2022-05-26 11:59:22,743: download_queue_item() 'APOD URL: https://apod.nasa.gov/apod/ap200724.html'
INFO: 2022-05-26 11:59:23,896: download_queue_item() 'Image URL: https://apod.nasa.gov/apod/image/2007/DSC7590-Leutenegger.jpg'
INFO: 2022-05-26 11:59:23,897: save_locally() 'Origin URL: https://apod.nasa.gov/apod/ap200724.html'
INFO: 2022-05-26 11:59:23,897: save_locally() 'Image URL: https://apod.nasa.gov/apod/image/2007/DSC7590-Leutenegger.jpg'
INFO: 2022-05-26 11:59:23,897: save_locally() 'Local path: /home/tommi/.config/variety/Downloaded/nasa_apod/DSC7590-Leutenegger.jpg'
INFO: 2022-05-26 12:00:11,111: save_locally() 'Download failed from image URL: https://apod.nasa.gov/apod/image/2007/DSC7590-Leutenegger.jpg (source location: https://apod.nasa.gov/apod/) '
ERROR: 2022-05-26 12:00:11,111: download_one_from() 'Could not download wallpaper:'
Traceback (most recent call last):
  File "/usr/lib/python3.10/site-packages/urllib3/response.py", line 441, in _error_catcher
    yield
  File "/usr/lib/python3.10/site-packages/urllib3/response.py", line 522, in read
    data = self._fp.read(amt) if not fp_closed else b""
  File "/usr/lib/python3.10/http/client.py", line 465, in read
    s = self.fp.read(amt)
  File "/usr/lib/python3.10/socket.py", line 705, in readinto
    return self._sock.recv_into(b)
  File "/usr/lib/python3.10/ssl.py", line 1273, in recv_into
    return self.read(nbytes, buffer)
  File "/usr/lib/python3.10/ssl.py", line 1129, in read
    return self._sslobj.read(len, buffer)
TimeoutError: The read operation timed out

During handling of the above exception, another exception occurred:

Traceback (most recent call last):
  File "/usr/lib/python3.10/site-packages/requests/models.py", line 760, in generate
    for chunk in self.raw.stream(chunk_size, decode_content=True):
  File "/usr/lib/python3.10/site-packages/urllib3/response.py", line 579, in stream
    data = self.read(amt=amt, decode_content=decode_content)
  File "/usr/lib/python3.10/site-packages/urllib3/response.py", line 515, in read
    with self._error_catcher():
  File "/usr/lib/python3.10/contextlib.py", line 153, in __exit__
    self.gen.throw(typ, value, traceback)
  File "/usr/lib/python3.10/site-packages/urllib3/response.py", line 446, in _error_catcher
    raise ReadTimeoutError(self._pool, None, "Read timed out.")
urllib3.exceptions.ReadTimeoutError: HTTPSConnectionPool(host='apod.nasa.gov', port=443): Read timed out.

During handling of the above exception, another exception occurred:

Traceback (most recent call last):
  File "/usr/lib/python3.10/site-packages/variety/VarietyWindow.py", line 1161, in download_one_from
    file = downloader.download_one()
  File "/usr/lib/python3.10/site-packages/variety/plugins/downloaders/DefaultDownloader.py", line 153, in download_one
    return self.download_queue_item(queue_item)
  File "/usr/lib/python3.10/site-packages/variety/plugins/builtin/downloaders/APODDownloader.py", line 89, in download_queue_item
    return self.save_locally(origin_url, img_url, source_location=self.ROOT_URL)
  File "/usr/lib/python3.10/site-packages/variety/plugins/downloaders/DefaultDownloader.py", line 244, in save_locally
    raise e
  File "/usr/lib/python3.10/site-packages/variety/plugins/downloaders/DefaultDownloader.py", line 237, in save_locally
    Util.request_write_to(r, f)
  File "/usr/lib/python3.10/site-packages/variety/Util.py", line 640, in request_write_to
    for chunk in r.iter_content(1024):
  File "/usr/lib/python3.10/site-packages/requests/models.py", line 767, in generate
    raise ConnectionError(e)
requests.exceptions.ConnectionError: HTTPSConnectionPool(host='apod.nasa.gov', port=443): Read timed out.
INFO: 2022-05-26 12:00:12,113: get_throttling() 'Unsplash.com: parsing serverside options'
INFO: 2022-05-26 12:00:12,113: get_throttling() 'Unsplash.com serverside options: {'min_fill_queue_interval': 3600, 'min_download_interval': 1800}'
INFO: 2022-05-26 12:00:12,113: get_throttling() 'Unsplash.com: parsing serverside options'
INFO: 2022-05-26 12:00:12,113: get_throttling() 'Unsplash.com serverside options: {'min_fill_queue_interval': 3600, 'min_download_interval': 1800}'
INFO: 2022-05-26 12:00:12,113: download_one() 'Unsplash.com: Downloading an image, config: None'
INFO: 2022-05-26 12:00:12,113: download_one() 'Unsplash.com: Queue size: 0'
INFO: 2022-05-26 12:00:12,113: get_throttling() 'Unsplash.com: parsing serverside options'
INFO: 2022-05-26 12:00:12,113: get_throttling() 'Unsplash.com serverside options: {'min_fill_queue_interval': 3600, 'min_download_interval': 1800}'
INFO: 2022-05-26 12:00:12,113: download_one() 'Unsplash.com: Queue empty, but max_queue_fills_per_hour of 1 reached, will try again later'
INFO: 2022-05-26 12:00:13,114: get_throttling() 'Bing: parsing serverside options'
INFO: 2022-05-26 12:00:13,114: get_throttling() 'Could not parse Bing serverside options, using defaults None, None'
INFO: 2022-05-26 12:00:13,114: get_throttling() 'Bing: parsing serverside options'
INFO: 2022-05-26 12:00:13,114: get_throttling() 'Could not parse Bing serverside options, using defaults None, None'
INFO: 2022-05-26 12:00:13,114: download_one() 'Bing: Downloading an image, config: None'
INFO: 2022-05-26 12:00:13,114: download_one() 'Bing: Queue size: 2'
INFO: 2022-05-26 12:00:13,114: download_one() 'Bing: Queue populated with 2 URLs'
INFO: 2022-05-26 12:00:13,114: save_locally() 'Origin URL: https://www.bing.com/search?q=zhangjiajie+glass+bridge+china&form=hpcapt&filters=HpDate%3a%2220220519_0700%22'
INFO: 2022-05-26 12:00:13,114: save_locally() 'Image URL: https://www.bing.com/th?id=OHR.GlassBridge_EN-US6168516510_1920x1080.jpg&rf=LaDigue_1920x1080.jpg&pid=hp'
INFO: 2022-05-26 12:00:13,114: save_locally() 'Local path: /home/tommi/.config/variety/Downloaded/Bing/OHR.GlassBridge_EN-US6168516510_1920x1080.jpg'
INFO: 2022-05-26 12:00:13,114: save_locally() 'File already exists, skip downloading'
INFO: 2022-05-26 12:00:14,114: get_throttling() 'Flickr: parsing serverside options'
INFO: 2022-05-26 12:00:14,115: get_throttling() 'Flickr serverside options: {'min_fill_queue_interval': 1200, 'min_download_interval': 1200}'
INFO: 2022-05-26 12:00:14,115: get_throttling() 'Flickr: parsing serverside options'
INFO: 2022-05-26 12:00:14,115: get_throttling() 'Flickr serverside options: {'min_fill_queue_interval': 1200, 'min_download_interval': 1200}'
INFO: 2022-05-26 12:00:14,115: download_one() 'Flickr: Downloading an image, config: user:www.flickr.com/photos/peter-levi/;user_id:93647178@N00;'
INFO: 2022-05-26 12:00:14,115: download_one() 'Flickr: Queue size: 69'
INFO: 2022-05-26 12:00:14,115: download_one() 'Flickr: Queue populated with 69 URLs'
INFO: 2022-05-26 12:00:14,115: save_locally() 'Origin URL: https://www.flickr.com/photos/93647178@N00/7527829596'
INFO: 2022-05-26 12:00:14,115: save_locally() 'Image URL: https://live.staticflickr.com/7261/7527829596_daccf5841d_o.jpg'
INFO: 2022-05-26 12:00:14,115: save_locally() 'Local path: /home/tommi/.config/variety/Downloaded/flickr_user_www_flickr_com_photos_peter_levi__user_id_93647178_N00_/7527829596_daccf5841d_o.jpg'
INFO: 2022-05-26 12:00:14,392: save_locally() 'Download complete'
INFO: 2022-05-26 12:00:14,393: update_indicator() 'Setting file info to: /home/tommi/.config/variety/Downloaded/flickr_user_www_flickr_com_photos_peter_levi__user_id_93647178_N00_/7527957322_67748c88de_o.jpg'
INFO: 2022-05-26 12:00:14,394: list_files() 'More than 1 files in the folders, stop listing'
INFO: 2022-05-26 12:00:14,395: download_one_from() 'Adding downloaded file /home/tommi/.config/variety/Downloaded/flickr_user_www_flickr_com_photos_peter_levi__user_id_93647178_N00_/7527829596_daccf5841d_o.jpg to unseen_downloads'
INFO: 2022-05-26 12:02:34,365: on_quit() 'Quitting'
